<?xml version="1.0" encoding="UTF-8"?>
<testsuite name="com.kmacedo.car.CarApplicationTests" tests="1" skipped="0" failures="0" errors="0" timestamp="2022-03-25T04:17:50" hostname="MacBook-Pro-de-Kleber.local" time="0.239">
  <properties/>
  <testcase name="contextLoads()" classname="com.kmacedo.car.CarApplicationTests" time="0.239"/>
  <system-out><![CDATA[01:17:47.668 [Test worker] DEBUG org.springframework.test.context.BootstrapUtils - Instantiating CacheAwareContextLoaderDelegate from class [org.springframework.test.context.cache.DefaultCacheAwareContextLoaderDelegate]
01:17:47.677 [Test worker] DEBUG org.springframework.test.context.BootstrapUtils - Instantiating BootstrapContext using constructor [public org.springframework.test.context.support.DefaultBootstrapContext(java.lang.Class,org.springframework.test.context.CacheAwareContextLoaderDelegate)]
01:17:47.705 [Test worker] DEBUG org.springframework.test.context.BootstrapUtils - Instantiating TestContextBootstrapper for test class [com.kmacedo.car.CarApplicationTests] from class [org.springframework.boot.test.context.SpringBootTestContextBootstrapper]
01:17:47.716 [Test worker] INFO org.springframework.boot.test.context.SpringBootTestContextBootstrapper - Neither @ContextConfiguration nor @ContextHierarchy found for test class [com.kmacedo.car.CarApplicationTests], using SpringBootContextLoader
01:17:47.719 [Test worker] DEBUG org.springframework.test.context.support.AbstractContextLoader - Did not detect default resource location for test class [com.kmacedo.car.CarApplicationTests]: class path resource [com/kmacedo/car/CarApplicationTests-context.xml] does not exist
01:17:47.719 [Test worker] DEBUG org.springframework.test.context.support.AbstractContextLoader - Did not detect default resource location for test class [com.kmacedo.car.CarApplicationTests]: class path resource [com/kmacedo/car/CarApplicationTestsContext.groovy] does not exist
01:17:47.719 [Test worker] INFO org.springframework.test.context.support.AbstractContextLoader - Could not detect default resource locations for test class [com.kmacedo.car.CarApplicationTests]: no resource found for suffixes {-context.xml, Context.groovy}.
01:17:47.720 [Test worker] INFO org.springframework.test.context.support.AnnotationConfigContextLoaderUtils - Could not detect default configuration classes for test class [com.kmacedo.car.CarApplicationTests]: CarApplicationTests does not declare any static, non-private, non-final, nested classes annotated with @Configuration.
01:17:47.750 [Test worker] DEBUG org.springframework.test.context.support.ActiveProfilesUtils - Could not find an 'annotation declaring class' for annotation type [org.springframework.test.context.ActiveProfiles] and class [com.kmacedo.car.CarApplicationTests]
01:17:47.788 [Test worker] DEBUG org.springframework.context.annotation.ClassPathScanningCandidateComponentProvider - Identified candidate component class: file [/Users/cskmacedo/Documents/Sistemas/car/build/classes/kotlin/main/com/kmacedo/car/CarApplication.class]
01:17:47.789 [Test worker] INFO org.springframework.boot.test.context.SpringBootTestContextBootstrapper - Found @SpringBootConfiguration com.kmacedo.car.CarApplication for test class com.kmacedo.car.CarApplicationTests
01:17:47.853 [Test worker] DEBUG org.springframework.boot.test.context.SpringBootTestContextBootstrapper - @TestExecutionListeners is not present for class [com.kmacedo.car.CarApplicationTests]: using defaults.
01:17:47.854 [Test worker] INFO org.springframework.boot.test.context.SpringBootTestContextBootstrapper - Loaded default TestExecutionListener class names from location [META-INF/spring.factories]: [org.springframework.cloud.contract.wiremock.WireMockTestExecutionListener, org.springframework.boot.test.autoconfigure.restdocs.RestDocsTestExecutionListener, org.springframework.boot.test.autoconfigure.web.client.MockRestServiceServerResetTestExecutionListener, org.springframework.boot.test.autoconfigure.web.servlet.MockMvcPrintOnlyOnFailureTestExecutionListener, org.springframework.boot.test.autoconfigure.web.servlet.WebDriverTestExecutionListener, org.springframework.boot.test.autoconfigure.webservices.client.MockWebServiceServerTestExecutionListener, org.springframework.boot.test.mock.mockito.MockitoTestExecutionListener, org.springframework.boot.test.mock.mockito.ResetMocksTestExecutionListener, org.springframework.test.context.web.ServletTestExecutionListener, org.springframework.test.context.support.DirtiesContextBeforeModesTestExecutionListener, org.springframework.test.context.support.DependencyInjectionTestExecutionListener, org.springframework.test.context.support.DirtiesContextTestExecutionListener, org.springframework.test.context.transaction.TransactionalTestExecutionListener, org.springframework.test.context.jdbc.SqlScriptsTestExecutionListener, org.springframework.test.context.event.EventPublishingTestExecutionListener]
01:17:47.867 [Test worker] INFO org.springframework.boot.test.context.SpringBootTestContextBootstrapper - Using TestExecutionListeners: [org.springframework.test.context.web.ServletTestExecutionListener@6cf12913, org.springframework.test.context.support.DirtiesContextBeforeModesTestExecutionListener@4fe5cf6e, org.springframework.boot.test.mock.mockito.MockitoTestExecutionListener@6d061117, org.springframework.boot.test.autoconfigure.SpringBootDependencyInjectionTestExecutionListener@2839dcd5, org.springframework.test.context.support.DirtiesContextTestExecutionListener@4de5c170, org.springframework.test.context.transaction.TransactionalTestExecutionListener@2c1af91d, org.springframework.test.context.jdbc.SqlScriptsTestExecutionListener@7149cb20, org.springframework.test.context.event.EventPublishingTestExecutionListener@17f06ea8, org.springframework.boot.test.autoconfigure.restdocs.RestDocsTestExecutionListener@74fdc367, org.springframework.boot.test.autoconfigure.web.client.MockRestServiceServerResetTestExecutionListener@f541ef4, org.springframework.boot.test.autoconfigure.web.servlet.MockMvcPrintOnlyOnFailureTestExecutionListener@307bd4f5, org.springframework.boot.test.autoconfigure.web.servlet.WebDriverTestExecutionListener@246a697c, org.springframework.boot.test.autoconfigure.webservices.client.MockWebServiceServerTestExecutionListener@3e96706d, org.springframework.boot.test.mock.mockito.ResetMocksTestExecutionListener@111a6af5, org.springframework.cloud.contract.wiremock.WireMockTestExecutionListener@7fa8c85f]
01:17:47.870 [Test worker] DEBUG org.springframework.test.context.support.AbstractDirtiesContextTestExecutionListener - Before test class: context [DefaultTestContext@204c018 testClass = CarApplicationTests, testInstance = [null], testMethod = [null], testException = [null], mergedContextConfiguration = [WebMergedContextConfiguration@659e83e4 testClass = CarApplicationTests, locations = '{}', classes = '{class com.kmacedo.car.CarApplication}', contextInitializerClasses = '[]', activeProfiles = '{}', propertySourceLocations = '{}', propertySourceProperties = '{org.springframework.boot.test.context.SpringBootTestContextBootstrapper=true}', contextCustomizers = set[org.springframework.boot.test.autoconfigure.actuate.metrics.MetricsExportContextCustomizerFactory$DisableMetricExportContextCustomizer@5d6fa6bc, org.springframework.boot.test.autoconfigure.properties.PropertyMappingContextCustomizer@0, org.springframework.boot.test.autoconfigure.web.servlet.WebDriverContextCustomizerFactory$Customizer@5daa0ff8, org.springframework.boot.test.context.filter.ExcludeFilterContextCustomizer@4994eb77, org.springframework.boot.test.json.DuplicateJsonObjectContextCustomizerFactory$DuplicateJsonObjectContextCustomizer@6c42053a, org.springframework.boot.test.mock.mockito.MockitoContextCustomizer@0, org.springframework.boot.test.web.client.TestRestTemplateContextCustomizer@5cd6cbbb, org.springframework.boot.test.web.reactive.server.WebTestClientContextCustomizer@3023303c, org.springframework.boot.test.context.SpringBootTestArgs@1, org.springframework.boot.test.context.SpringBootTestWebEnvironment@32e67d35], resourceBasePath = 'src/main/webapp', contextLoader = 'org.springframework.boot.test.context.SpringBootContextLoader', parent = [null]], attributes = map['org.springframework.test.context.web.ServletTestExecutionListener.activateListener' -> true]], class annotated with @DirtiesContext [false] with mode [null].
01:17:47.885 [Test worker] DEBUG org.springframework.test.context.support.TestPropertySourceUtils - Adding inlined properties to environment: {spring.jmx.enabled=false, org.springframework.boot.test.context.SpringBootTestContextBootstrapper=true}

  .   ____          _            __ _ _
 /\\ / ___'_ __ _ _(_)_ __  __ _ \ \ \ \
( ( )\___ | '_ | '_| | '_ \/ _` | \ \ \ \
 \\/  ___)| |_)| | | | | || (_| |  ) ) ) )
  '  |____| .__|_| |_|_| |_\__, | / / / /
 =========|_|==============|___/=/_/_/_/
 :: Spring Boot ::                (v2.4.0)

2022-03-25 01:17:48.090  INFO 34609 --- [    Test worker] com.kmacedo.car.CarApplicationTests      : Starting CarApplicationTests using Java 15.0.2 on MacBook-Pro-de-Kleber.local with PID 34609 (started by cskmacedo in /Users/cskmacedo/Documents/Sistemas/car)
2022-03-25 01:17:48.092  INFO 34609 --- [    Test worker] com.kmacedo.car.CarApplicationTests      : No active profile set, falling back to default profiles: default
2022-03-25 01:17:48.775  INFO 34609 --- [    Test worker] .s.d.r.c.RepositoryConfigurationDelegate : Bootstrapping Spring Data JPA repositories in DEFERRED mode.
2022-03-25 01:17:48.818  INFO 34609 --- [    Test worker] .s.d.r.c.RepositoryConfigurationDelegate : Finished Spring Data repository scanning in 37 ms. Found 3 JPA repository interfaces.
2022-03-25 01:17:49.218  INFO 34609 --- [    Test worker] o.s.s.concurrent.ThreadPoolTaskExecutor  : Initializing ExecutorService 'applicationTaskExecutor'
2022-03-25 01:17:49.261  INFO 34609 --- [         task-1] o.hibernate.jpa.internal.util.LogHelper  : HHH000204: Processing PersistenceUnitInfo [name: default]
2022-03-25 01:17:49.301  INFO 34609 --- [         task-1] org.hibernate.Version                    : HHH000412: Hibernate ORM core version 5.4.23.Final
2022-03-25 01:17:49.418  INFO 34609 --- [         task-1] o.hibernate.annotations.common.Version   : HCANN000001: Hibernate Commons Annotations {5.1.2.Final}
2022-03-25 01:17:49.439 DEBUG 34609 --- [         task-1] org.hibernate.type.BasicTypeRegistry     : Adding type registration boolean -> org.hibernate.type.BooleanType@7ff396fd
2022-03-25 01:17:49.440 DEBUG 34609 --- [         task-1] org.hibernate.type.BasicTypeRegistry     : Adding type registration boolean -> org.hibernate.type.BooleanType@7ff396fd
2022-03-25 01:17:49.440 DEBUG 34609 --- [         task-1] org.hibernate.type.BasicTypeRegistry     : Adding type registration java.lang.Boolean -> org.hibernate.type.BooleanType@7ff396fd
2022-03-25 01:17:49.441 DEBUG 34609 --- [         task-1] org.hibernate.type.BasicTypeRegistry     : Adding type registration numeric_boolean -> org.hibernate.type.NumericBooleanType@3270769e
2022-03-25 01:17:49.441 DEBUG 34609 --- [         task-1] org.hibernate.type.BasicTypeRegistry     : Adding type registration true_false -> org.hibernate.type.TrueFalseType@1023352b
2022-03-25 01:17:49.442 DEBUG 34609 --- [         task-1] org.hibernate.type.BasicTypeRegistry     : Adding type registration yes_no -> org.hibernate.type.YesNoType@7509332a
2022-03-25 01:17:49.442 DEBUG 34609 --- [         task-1] org.hibernate.type.BasicTypeRegistry     : Adding type registration byte -> org.hibernate.type.ByteType@b64e4f0
2022-03-25 01:17:49.443 DEBUG 34609 --- [         task-1] org.hibernate.type.BasicTypeRegistry     : Adding type registration byte -> org.hibernate.type.ByteType@b64e4f0
2022-03-25 01:17:49.443 DEBUG 34609 --- [         task-1] org.hibernate.type.BasicTypeRegistry     : Adding type registration java.lang.Byte -> org.hibernate.type.ByteType@b64e4f0
2022-03-25 01:17:49.444 DEBUG 34609 --- [         task-1] org.hibernate.type.BasicTypeRegistry     : Adding type registration character -> org.hibernate.type.CharacterType@31846416
2022-03-25 01:17:49.444 DEBUG 34609 --- [         task-1] org.hibernate.type.BasicTypeRegistry     : Adding type registration char -> org.hibernate.type.CharacterType@31846416
2022-03-25 01:17:49.444 DEBUG 34609 --- [         task-1] org.hibernate.type.BasicTypeRegistry     : Adding type registration java.lang.Character -> org.hibernate.type.CharacterType@31846416
2022-03-25 01:17:49.445 DEBUG 34609 --- [         task-1] org.hibernate.type.BasicTypeRegistry     : Adding type registration short -> org.hibernate.type.ShortType@78a1962e
2022-03-25 01:17:49.445 DEBUG 34609 --- [         task-1] org.hibernate.type.BasicTypeRegistry     : Adding type registration short -> org.hibernate.type.ShortType@78a1962e
2022-03-25 01:17:49.446 DEBUG 34609 --- [         task-1] org.hibernate.type.BasicTypeRegistry     : Adding type registration java.lang.Short -> org.hibernate.type.ShortType@78a1962e
2022-03-25 01:17:49.446 DEBUG 34609 --- [         task-1] org.hibernate.type.BasicTypeRegistry     : Adding type registration integer -> org.hibernate.type.IntegerType@ce200c9
2022-03-25 01:17:49.447 DEBUG 34609 --- [         task-1] org.hibernate.type.BasicTypeRegistry     : Adding type registration int -> org.hibernate.type.IntegerType@ce200c9
2022-03-25 01:17:49.447 DEBUG 34609 --- [         task-1] org.hibernate.type.BasicTypeRegistry     : Adding type registration java.lang.Integer -> org.hibernate.type.IntegerType@ce200c9
2022-03-25 01:17:49.448 DEBUG 34609 --- [         task-1] org.hibernate.type.BasicTypeRegistry     : Adding type registration long -> org.hibernate.type.LongType@670456b
2022-03-25 01:17:49.448 DEBUG 34609 --- [         task-1] org.hibernate.type.BasicTypeRegistry     : Adding type registration long -> org.hibernate.type.LongType@670456b
2022-03-25 01:17:49.448 DEBUG 34609 --- [         task-1] org.hibernate.type.BasicTypeRegistry     : Adding type registration java.lang.Long -> org.hibernate.type.LongType@670456b
2022-03-25 01:17:49.449 DEBUG 34609 --- [         task-1] org.hibernate.type.BasicTypeRegistry     : Adding type registration float -> org.hibernate.type.FloatType@218e2ae0
2022-03-25 01:17:49.449 DEBUG 34609 --- [         task-1] org.hibernate.type.BasicTypeRegistry     : Adding type registration float -> org.hibernate.type.FloatType@218e2ae0
2022-03-25 01:17:49.450 DEBUG 34609 --- [         task-1] org.hibernate.type.BasicTypeRegistry     : Adding type registration java.lang.Float -> org.hibernate.type.FloatType@218e2ae0
2022-03-25 01:17:49.450 DEBUG 34609 --- [         task-1] org.hibernate.type.BasicTypeRegistry     : Adding type registration double -> org.hibernate.type.DoubleType@dd74813
2022-03-25 01:17:49.451 DEBUG 34609 --- [         task-1] org.hibernate.type.BasicTypeRegistry     : Adding type registration double -> org.hibernate.type.DoubleType@dd74813
2022-03-25 01:17:49.451 DEBUG 34609 --- [         task-1] org.hibernate.type.BasicTypeRegistry     : Adding type registration java.lang.Double -> org.hibernate.type.DoubleType@dd74813
2022-03-25 01:17:49.452 DEBUG 34609 --- [         task-1] org.hibernate.type.BasicTypeRegistry     : Adding type registration big_decimal -> org.hibernate.type.BigDecimalType@75233214
2022-03-25 01:17:49.452 DEBUG 34609 --- [         task-1] org.hibernate.type.BasicTypeRegistry     : Adding type registration java.math.BigDecimal -> org.hibernate.type.BigDecimalType@75233214
2022-03-25 01:17:49.453 DEBUG 34609 --- [         task-1] org.hibernate.type.BasicTypeRegistry     : Adding type registration big_integer -> org.hibernate.type.BigIntegerType@4200994c
2022-03-25 01:17:49.453 DEBUG 34609 --- [         task-1] org.hibernate.type.BasicTypeRegistry     : Adding type registration java.math.BigInteger -> org.hibernate.type.BigIntegerType@4200994c
2022-03-25 01:17:49.457 DEBUG 34609 --- [         task-1] org.hibernate.type.BasicTypeRegistry     : Adding type registration string -> org.hibernate.type.StringType@18aefd2a
2022-03-25 01:17:49.457 DEBUG 34609 --- [         task-1] org.hibernate.type.BasicTypeRegistry     : Adding type registration java.lang.String -> org.hibernate.type.StringType@18aefd2a
2022-03-25 01:17:49.457 DEBUG 34609 --- [         task-1] org.hibernate.type.BasicTypeRegistry     : Adding type registration nstring -> org.hibernate.type.StringNVarcharType@3f59c2f4
2022-03-25 01:17:49.458 DEBUG 34609 --- [         task-1] org.hibernate.type.BasicTypeRegistry     : Adding type registration ncharacter -> org.hibernate.type.CharacterNCharType@a3e61b3
2022-03-25 01:17:49.459 DEBUG 34609 --- [         task-1] org.hibernate.type.BasicTypeRegistry     : Adding type registration url -> org.hibernate.type.UrlType@572970ab
2022-03-25 01:17:49.459 DEBUG 34609 --- [         task-1] org.hibernate.type.BasicTypeRegistry     : Adding type registration java.net.URL -> org.hibernate.type.UrlType@572970ab
2022-03-25 01:17:49.460 DEBUG 34609 --- [         task-1] org.hibernate.type.BasicTypeRegistry     : Adding type registration Duration -> org.hibernate.type.DurationType@18fdcb71
2022-03-25 01:17:49.460 DEBUG 34609 --- [         task-1] org.hibernate.type.BasicTypeRegistry     : Adding type registration java.time.Duration -> org.hibernate.type.DurationType@18fdcb71
2022-03-25 01:17:49.461 DEBUG 34609 --- [         task-1] org.hibernate.type.BasicTypeRegistry     : Adding type registration Instant -> org.hibernate.type.InstantType@1fe2b234
2022-03-25 01:17:49.461 DEBUG 34609 --- [         task-1] org.hibernate.type.BasicTypeRegistry     : Adding type registration java.time.Instant -> org.hibernate.type.InstantType@1fe2b234
2022-03-25 01:17:49.462 DEBUG 34609 --- [         task-1] org.hibernate.type.BasicTypeRegistry     : Adding type registration LocalDateTime -> org.hibernate.type.LocalDateTimeType@2cd77fac
2022-03-25 01:17:49.462 DEBUG 34609 --- [         task-1] org.hibernate.type.BasicTypeRegistry     : Adding type registration java.time.LocalDateTime -> org.hibernate.type.LocalDateTimeType@2cd77fac
2022-03-25 01:17:49.463 DEBUG 34609 --- [         task-1] org.hibernate.type.BasicTypeRegistry     : Adding type registration LocalDate -> org.hibernate.type.LocalDateType@48053d6c
2022-03-25 01:17:49.463 DEBUG 34609 --- [         task-1] org.hibernate.type.BasicTypeRegistry     : Adding type registration java.time.LocalDate -> org.hibernate.type.LocalDateType@48053d6c
2022-03-25 01:17:49.464 DEBUG 34609 --- [         task-1] org.hibernate.type.BasicTypeRegistry     : Adding type registration LocalTime -> org.hibernate.type.LocalTimeType@c66bcb
2022-03-25 01:17:49.464 DEBUG 34609 --- [         task-1] org.hibernate.type.BasicTypeRegistry     : Adding type registration java.time.LocalTime -> org.hibernate.type.LocalTimeType@c66bcb
2022-03-25 01:17:49.465 DEBUG 34609 --- [         task-1] org.hibernate.type.BasicTypeRegistry     : Adding type registration OffsetDateTime -> org.hibernate.type.OffsetDateTimeType@386a93f5
2022-03-25 01:17:49.466 DEBUG 34609 --- [         task-1] org.hibernate.type.BasicTypeRegistry     : Adding type registration java.time.OffsetDateTime -> org.hibernate.type.OffsetDateTimeType@386a93f5
2022-03-25 01:17:49.466 DEBUG 34609 --- [         task-1] org.hibernate.type.BasicTypeRegistry     : Adding type registration OffsetTime -> org.hibernate.type.OffsetTimeType@141f52da
2022-03-25 01:17:49.467 DEBUG 34609 --- [         task-1] org.hibernate.type.BasicTypeRegistry     : Adding type registration java.time.OffsetTime -> org.hibernate.type.OffsetTimeType@141f52da
2022-03-25 01:17:49.468 DEBUG 34609 --- [         task-1] org.hibernate.type.BasicTypeRegistry     : Adding type registration ZonedDateTime -> org.hibernate.type.ZonedDateTimeType@76709b9d
2022-03-25 01:17:49.468 DEBUG 34609 --- [         task-1] org.hibernate.type.BasicTypeRegistry     : Adding type registration java.time.ZonedDateTime -> org.hibernate.type.ZonedDateTimeType@76709b9d
2022-03-25 01:17:49.469 DEBUG 34609 --- [         task-1] org.hibernate.type.BasicTypeRegistry     : Adding type registration date -> org.hibernate.type.DateType@42e320bc
2022-03-25 01:17:49.469 DEBUG 34609 --- [         task-1] org.hibernate.type.BasicTypeRegistry     : Adding type registration java.sql.Date -> org.hibernate.type.DateType@42e320bc
2022-03-25 01:17:49.470 DEBUG 34609 --- [         task-1] org.hibernate.type.BasicTypeRegistry     : Adding type registration time -> org.hibernate.type.TimeType@648e2923
2022-03-25 01:17:49.470 DEBUG 34609 --- [         task-1] org.hibernate.type.BasicTypeRegistry     : Adding type registration java.sql.Time -> org.hibernate.type.TimeType@648e2923
2022-03-25 01:17:49.471 DEBUG 34609 --- [         task-1] org.hibernate.type.BasicTypeRegistry     : Adding type registration timestamp -> org.hibernate.type.TimestampType@5fd5d80b
2022-03-25 01:17:49.471 DEBUG 34609 --- [         task-1] org.hibernate.type.BasicTypeRegistry     : Adding type registration java.sql.Timestamp -> org.hibernate.type.TimestampType@5fd5d80b
2022-03-25 01:17:49.472 DEBUG 34609 --- [         task-1] org.hibernate.type.BasicTypeRegistry     : Adding type registration java.util.Date -> org.hibernate.type.TimestampType@5fd5d80b
2022-03-25 01:17:49.473 DEBUG 34609 --- [         task-1] org.hibernate.type.BasicTypeRegistry     : Adding type registration dbtimestamp -> org.hibernate.type.DbTimestampType@4bb7bb4f
2022-03-25 01:17:49.474 DEBUG 34609 --- [         task-1] org.hibernate.type.BasicTypeRegistry     : Adding type registration calendar -> org.hibernate.type.CalendarType@540db194
2022-03-25 01:17:49.474 DEBUG 34609 --- [         task-1] org.hibernate.type.BasicTypeRegistry     : Adding type registration java.util.Calendar -> org.hibernate.type.CalendarType@540db194
2022-03-25 01:17:49.474 DEBUG 34609 --- [         task-1] org.hibernate.type.BasicTypeRegistry     : Adding type registration java.util.GregorianCalendar -> org.hibernate.type.CalendarType@540db194
2022-03-25 01:17:49.475 DEBUG 34609 --- [         task-1] org.hibernate.type.BasicTypeRegistry     : Adding type registration calendar_date -> org.hibernate.type.CalendarDateType@29fd11a4
2022-03-25 01:17:49.475 DEBUG 34609 --- [         task-1] org.hibernate.type.BasicTypeRegistry     : Adding type registration calendar_time -> org.hibernate.type.CalendarTimeType@54e90a0a
2022-03-25 01:17:49.476 DEBUG 34609 --- [         task-1] org.hibernate.type.BasicTypeRegistry     : Adding type registration locale -> org.hibernate.type.LocaleType@5f9a1fa8
2022-03-25 01:17:49.477 DEBUG 34609 --- [         task-1] org.hibernate.type.BasicTypeRegistry     : Adding type registration java.util.Locale -> org.hibernate.type.LocaleType@5f9a1fa8
2022-03-25 01:17:49.477 DEBUG 34609 --- [         task-1] org.hibernate.type.BasicTypeRegistry     : Adding type registration currency -> org.hibernate.type.CurrencyType@7c927475
2022-03-25 01:17:49.478 DEBUG 34609 --- [         task-1] org.hibernate.type.BasicTypeRegistry     : Adding type registration java.util.Currency -> org.hibernate.type.CurrencyType@7c927475
2022-03-25 01:17:49.478 DEBUG 34609 --- [         task-1] org.hibernate.type.BasicTypeRegistry     : Adding type registration timezone -> org.hibernate.type.TimeZoneType@56febc7d
2022-03-25 01:17:49.479 DEBUG 34609 --- [         task-1] org.hibernate.type.BasicTypeRegistry     : Adding type registration java.util.TimeZone -> org.hibernate.type.TimeZoneType@56febc7d
2022-03-25 01:17:49.479 DEBUG 34609 --- [         task-1] org.hibernate.type.BasicTypeRegistry     : Adding type registration class -> org.hibernate.type.ClassType@b446046
2022-03-25 01:17:49.480 DEBUG 34609 --- [         task-1] org.hibernate.type.BasicTypeRegistry     : Adding type registration java.lang.Class -> org.hibernate.type.ClassType@b446046
2022-03-25 01:17:49.480 DEBUG 34609 --- [         task-1] org.hibernate.type.BasicTypeRegistry     : Adding type registration uuid-binary -> org.hibernate.type.UUIDBinaryType@ab96ec0
2022-03-25 01:17:49.481 DEBUG 34609 --- [         task-1] org.hibernate.type.BasicTypeRegistry     : Adding type registration java.util.UUID -> org.hibernate.type.UUIDBinaryType@ab96ec0
2022-03-25 01:17:49.481 DEBUG 34609 --- [         task-1] org.hibernate.type.BasicTypeRegistry     : Adding type registration uuid-char -> org.hibernate.type.UUIDCharType@1230522c
2022-03-25 01:17:49.482 DEBUG 34609 --- [         task-1] org.hibernate.type.BasicTypeRegistry     : Adding type registration binary -> org.hibernate.type.BinaryType@5c67c01
2022-03-25 01:17:49.483 DEBUG 34609 --- [         task-1] org.hibernate.type.BasicTypeRegistry     : Adding type registration byte[] -> org.hibernate.type.BinaryType@5c67c01
2022-03-25 01:17:49.483 DEBUG 34609 --- [         task-1] org.hibernate.type.BasicTypeRegistry     : Adding type registration [B -> org.hibernate.type.BinaryType@5c67c01
2022-03-25 01:17:49.484 DEBUG 34609 --- [         task-1] org.hibernate.type.BasicTypeRegistry     : Adding type registration wrapper-binary -> org.hibernate.type.WrapperBinaryType@70b9a7fc
2022-03-25 01:17:49.484 DEBUG 34609 --- [         task-1] org.hibernate.type.BasicTypeRegistry     : Adding type registration Byte[] -> org.hibernate.type.WrapperBinaryType@70b9a7fc
2022-03-25 01:17:49.484 DEBUG 34609 --- [         task-1] org.hibernate.type.BasicTypeRegistry     : Adding type registration [Ljava.lang.Byte; -> org.hibernate.type.WrapperBinaryType@70b9a7fc
2022-03-25 01:17:49.485 DEBUG 34609 --- [         task-1] org.hibernate.type.BasicTypeRegistry     : Adding type registration row_version -> org.hibernate.type.RowVersionType@224c5e88
2022-03-25 01:17:49.486 DEBUG 34609 --- [         task-1] org.hibernate.type.BasicTypeRegistry     : Adding type registration image -> org.hibernate.type.ImageType@11129d02
2022-03-25 01:17:49.486 DEBUG 34609 --- [         task-1] org.hibernate.type.BasicTypeRegistry     : Adding type registration characters -> org.hibernate.type.CharArrayType@385486ba
2022-03-25 01:17:49.487 DEBUG 34609 --- [         task-1] org.hibernate.type.BasicTypeRegistry     : Adding type registration char[] -> org.hibernate.type.CharArrayType@385486ba
2022-03-25 01:17:49.487 DEBUG 34609 --- [         task-1] org.hibernate.type.BasicTypeRegistry     : Adding type registration [C -> org.hibernate.type.CharArrayType@385486ba
2022-03-25 01:17:49.488 DEBUG 34609 --- [         task-1] org.hibernate.type.BasicTypeRegistry     : Adding type registration wrapper-characters -> org.hibernate.type.CharacterArrayType@619176b2
2022-03-25 01:17:49.488 DEBUG 34609 --- [         task-1] org.hibernate.type.BasicTypeRegistry     : Adding type registration [Ljava.lang.Character; -> org.hibernate.type.CharacterArrayType@619176b2
2022-03-25 01:17:49.488 DEBUG 34609 --- [         task-1] org.hibernate.type.BasicTypeRegistry     : Adding type registration Character[] -> org.hibernate.type.CharacterArrayType@619176b2
2022-03-25 01:17:49.488 DEBUG 34609 --- [         task-1] org.hibernate.type.BasicTypeRegistry     : Adding type registration text -> org.hibernate.type.TextType@b6e9a01
2022-03-25 01:17:49.489 DEBUG 34609 --- [         task-1] org.hibernate.type.BasicTypeRegistry     : Adding type registration ntext -> org.hibernate.type.NTextType@5fe9daad
2022-03-25 01:17:49.490 DEBUG 34609 --- [         task-1] org.hibernate.type.BasicTypeRegistry     : Adding type registration blob -> org.hibernate.type.BlobType@5f65e050
2022-03-25 01:17:49.490 DEBUG 34609 --- [         task-1] org.hibernate.type.BasicTypeRegistry     : Adding type registration java.sql.Blob -> org.hibernate.type.BlobType@5f65e050
2022-03-25 01:17:49.491 DEBUG 34609 --- [         task-1] org.hibernate.type.BasicTypeRegistry     : Adding type registration materialized_blob -> org.hibernate.type.MaterializedBlobType@74d21b3d
2022-03-25 01:17:49.492 DEBUG 34609 --- [         task-1] org.hibernate.type.BasicTypeRegistry     : Adding type registration clob -> org.hibernate.type.ClobType@4f5ccefa
2022-03-25 01:17:49.492 DEBUG 34609 --- [         task-1] org.hibernate.type.BasicTypeRegistry     : Adding type registration java.sql.Clob -> org.hibernate.type.ClobType@4f5ccefa
2022-03-25 01:17:49.493 DEBUG 34609 --- [         task-1] org.hibernate.type.BasicTypeRegistry     : Adding type registration nclob -> org.hibernate.type.NClobType@70462709
2022-03-25 01:17:49.493 DEBUG 34609 --- [         task-1] org.hibernate.type.BasicTypeRegistry     : Adding type registration java.sql.NClob -> org.hibernate.type.NClobType@70462709
2022-03-25 01:17:49.493 DEBUG 34609 --- [         task-1] org.hibernate.type.BasicTypeRegistry     : Adding type registration materialized_clob -> org.hibernate.type.MaterializedClobType@1c5fc938
2022-03-25 01:17:49.494 DEBUG 34609 --- [         task-1] org.hibernate.type.BasicTypeRegistry     : Adding type registration materialized_nclob -> org.hibernate.type.MaterializedNClobType@4aff10a
2022-03-25 01:17:49.495 DEBUG 34609 --- [         task-1] org.hibernate.type.BasicTypeRegistry     : Adding type registration serializable -> org.hibernate.type.SerializableType@7851f0b2
2022-03-25 01:17:49.497 DEBUG 34609 --- [         task-1] org.hibernate.type.BasicTypeRegistry     : Adding type registration object -> org.hibernate.type.ObjectType@64228cc0
2022-03-25 01:17:49.498 DEBUG 34609 --- [         task-1] org.hibernate.type.BasicTypeRegistry     : Adding type registration java.lang.Object -> org.hibernate.type.ObjectType@64228cc0
2022-03-25 01:17:49.498 DEBUG 34609 --- [         task-1] org.hibernate.type.BasicTypeRegistry     : Adding type registration imm_date -> org.hibernate.type.AdaptedImmutableType@695d8a1c
2022-03-25 01:17:49.498 DEBUG 34609 --- [         task-1] org.hibernate.type.BasicTypeRegistry     : Adding type registration imm_time -> org.hibernate.type.AdaptedImmutableType@2fe48364
2022-03-25 01:17:49.498 DEBUG 34609 --- [         task-1] org.hibernate.type.BasicTypeRegistry     : Adding type registration imm_timestamp -> org.hibernate.type.AdaptedImmutableType@60f55592
2022-03-25 01:17:49.499 DEBUG 34609 --- [         task-1] org.hibernate.type.BasicTypeRegistry     : Adding type registration imm_dbtimestamp -> org.hibernate.type.AdaptedImmutableType@33c48258
2022-03-25 01:17:49.499 DEBUG 34609 --- [         task-1] org.hibernate.type.BasicTypeRegistry     : Adding type registration imm_calendar -> org.hibernate.type.AdaptedImmutableType@364cf356
2022-03-25 01:17:49.499 DEBUG 34609 --- [         task-1] org.hibernate.type.BasicTypeRegistry     : Adding type registration imm_calendar_date -> org.hibernate.type.AdaptedImmutableType@3db8a958
2022-03-25 01:17:49.499 DEBUG 34609 --- [         task-1] org.hibernate.type.BasicTypeRegistry     : Adding type registration imm_binary -> org.hibernate.type.AdaptedImmutableType@77ab32b8
2022-03-25 01:17:49.499 DEBUG 34609 --- [         task-1] org.hibernate.type.BasicTypeRegistry     : Adding type registration imm_serializable -> org.hibernate.type.AdaptedImmutableType@60eaa857
2022-03-25 01:17:49.532  INFO 34609 --- [         task-1] com.zaxxer.hikari.HikariDataSource       : HikariPool-1 - Starting...
2022-03-25 01:17:49.533  WARN 34609 --- [    Test worker] JpaBaseConfiguration$JpaWebConfiguration : spring.jpa.open-in-view is enabled by default. Therefore, database queries may be performed during view rendering. Explicitly configure spring.jpa.open-in-view to disable this warning
2022-03-25 01:17:49.536  WARN 34609 --- [         task-1] com.zaxxer.hikari.util.DriverDataSource  : Registered driver with driverClassName=com.mysql.jdbc.Driver was not found, trying direct instantiation.
2022-03-25 01:17:49.894  INFO 34609 --- [         task-1] com.zaxxer.hikari.HikariDataSource       : HikariPool-1 - Start completed.
2022-03-25 01:17:49.906  INFO 34609 --- [         task-1] org.hibernate.dialect.Dialect            : HHH000400: Using dialect: org.hibernate.dialect.MySQL5InnoDBDialect
2022-03-25 01:17:49.960 DEBUG 34609 --- [         task-1] o.h.type.spi.TypeConfiguration$Scope     : Scoping TypeConfiguration [org.hibernate.type.spi.TypeConfiguration@4104f7f7] to MetadataBuildingContext [org.hibernate.boot.internal.MetadataBuildingContextRootImpl@6458efe]
2022-03-25 01:17:50.026  INFO 34609 --- [    Test worker] DeferredRepositoryInitializationListener : Triggering deferred initialization of Spring Data repositories…
2022-03-25 01:17:50.082 DEBUG 34609 --- [         task-1] org.hibernate.type.EnumType              : Using ORDINAL-based conversion for Enum com.kmacedo.car.domain.TravelRequestStatus
2022-03-25 01:17:50.118 DEBUG 34609 --- [         task-1] org.hibernate.type.EnumType              : Using ORDINAL-based conversion for Enum com.kmacedo.car.domain.TravelRequestStatus
2022-03-25 01:17:50.135 DEBUG 34609 --- [         task-1] o.h.type.spi.TypeConfiguration$Scope     : Scoping TypeConfiguration [org.hibernate.type.spi.TypeConfiguration@4104f7f7] to SessionFactoryImpl [org.hibernate.internal.SessionFactoryImpl@30ed8735]
2022-03-25 01:17:50.173 DEBUG 34609 --- [         task-1] org.hibernate.type.EnumType              : Using ORDINAL-based conversion for Enum com.kmacedo.car.domain.TravelRequestStatus
2022-03-25 01:17:50.173 DEBUG 34609 --- [         task-1] org.hibernate.type.EnumType              : Using ORDINAL-based conversion for Enum com.kmacedo.car.domain.TravelRequestStatus
2022-03-25 01:17:50.177 DEBUG 34609 --- [         task-1] org.hibernate.type.EnumType              : Using ORDINAL-based conversion for Enum com.kmacedo.car.domain.TravelRequestStatus
2022-03-25 01:17:50.178 DEBUG 34609 --- [         task-1] org.hibernate.type.EnumType              : Using ORDINAL-based conversion for Enum com.kmacedo.car.domain.TravelRequestStatus
2022-03-25 01:17:50.250 DEBUG 34609 --- [         task-1] org.hibernate.type.EnumType              : Using ORDINAL-based conversion for Enum com.kmacedo.car.domain.TravelRequestStatus
2022-03-25 01:17:50.250 DEBUG 34609 --- [         task-1] org.hibernate.type.EnumType              : Using ORDINAL-based conversion for Enum com.kmacedo.car.domain.TravelRequestStatus
2022-03-25 01:17:50.250 DEBUG 34609 --- [         task-1] org.hibernate.type.EnumType              : Using ORDINAL-based conversion for Enum com.kmacedo.car.domain.TravelRequestStatus
2022-03-25 01:17:50.303  INFO 34609 --- [         task-1] o.h.e.t.j.p.i.JtaPlatformInitiator       : HHH000490: Using JtaPlatform implementation: [org.hibernate.engine.transaction.jta.platform.internal.NoJtaPlatform]
2022-03-25 01:17:50.308 TRACE 34609 --- [         task-1] o.h.type.spi.TypeConfiguration$Scope     : Handling #sessionFactoryCreated from [org.hibernate.internal.SessionFactoryImpl@30ed8735] for TypeConfiguration
2022-03-25 01:17:50.310  INFO 34609 --- [         task-1] j.LocalContainerEntityManagerFactoryBean : Initialized JPA EntityManagerFactory for persistence unit 'default'
2022-03-25 01:17:50.725  INFO 34609 --- [    Test worker] DeferredRepositoryInitializationListener : Spring Data repositories initialized!
2022-03-25 01:17:50.731  INFO 34609 --- [    Test worker] com.kmacedo.car.CarApplicationTests      : Started CarApplicationTests in 2.841 seconds (JVM running for 3.589)
]]></system-out>
  <system-err><![CDATA[Loading class `com.mysql.jdbc.Driver'. This is deprecated. The new driver class is `com.mysql.cj.jdbc.Driver'. The driver is automatically registered via the SPI and manual loading of the driver class is generally unnecessary.
]]></system-err>
</testsuite>
