<?xml version="1.0" encoding="UTF-8"?>
<testsuite name="com.kmacedo.car.CarApplicationTests" tests="1" skipped="0" failures="0" errors="0" timestamp="2022-03-26T03:41:43" hostname="MacBook-Pro-de-Kleber.local" time="0.003">
  <properties/>
  <testcase name="contextLoads()" classname="com.kmacedo.car.CarApplicationTests" time="0.003"/>
  <system-out><![CDATA[2022-03-26 00:41:42.539  INFO 32612 --- [    Test worker] .b.t.c.SpringBootTestContextBootstrapper : Neither @ContextConfiguration nor @ContextHierarchy found for test class [com.kmacedo.car.CarApplicationTests], using SpringBootContextLoader
2022-03-26 00:41:42.539  INFO 32612 --- [    Test worker] o.s.t.c.support.AbstractContextLoader    : Could not detect default resource locations for test class [com.kmacedo.car.CarApplicationTests]: no resource found for suffixes {-context.xml, Context.groovy}.
2022-03-26 00:41:42.540  INFO 32612 --- [    Test worker] t.c.s.AnnotationConfigContextLoaderUtils : Could not detect default configuration classes for test class [com.kmacedo.car.CarApplicationTests]: CarApplicationTests does not declare any static, non-private, non-final, nested classes annotated with @Configuration.
2022-03-26 00:41:42.543  INFO 32612 --- [    Test worker] .b.t.c.SpringBootTestContextBootstrapper : Found @SpringBootConfiguration com.kmacedo.car.CarApplication for test class com.kmacedo.car.CarApplicationTests
2022-03-26 00:41:42.544  INFO 32612 --- [    Test worker] .b.t.c.SpringBootTestContextBootstrapper : Loaded default TestExecutionListener class names from location [META-INF/spring.factories]: [org.springframework.cloud.contract.wiremock.WireMockTestExecutionListener, org.springframework.boot.test.autoconfigure.restdocs.RestDocsTestExecutionListener, org.springframework.boot.test.autoconfigure.web.client.MockRestServiceServerResetTestExecutionListener, org.springframework.boot.test.autoconfigure.web.servlet.MockMvcPrintOnlyOnFailureTestExecutionListener, org.springframework.boot.test.autoconfigure.web.servlet.WebDriverTestExecutionListener, org.springframework.boot.test.autoconfigure.webservices.client.MockWebServiceServerTestExecutionListener, org.springframework.boot.test.mock.mockito.MockitoTestExecutionListener, org.springframework.boot.test.mock.mockito.ResetMocksTestExecutionListener, org.springframework.test.context.web.ServletTestExecutionListener, org.springframework.test.context.support.DirtiesContextBeforeModesTestExecutionListener, org.springframework.test.context.support.DependencyInjectionTestExecutionListener, org.springframework.test.context.support.DirtiesContextTestExecutionListener, org.springframework.test.context.transaction.TransactionalTestExecutionListener, org.springframework.test.context.jdbc.SqlScriptsTestExecutionListener, org.springframework.test.context.event.EventPublishingTestExecutionListener]
2022-03-26 00:41:42.545  INFO 32612 --- [    Test worker] .b.t.c.SpringBootTestContextBootstrapper : Using TestExecutionListeners: [org.springframework.test.context.web.ServletTestExecutionListener@1f3cecbb, org.springframework.test.context.support.DirtiesContextBeforeModesTestExecutionListener@54180897, org.springframework.boot.test.mock.mockito.MockitoTestExecutionListener@337762cb, org.springframework.boot.test.autoconfigure.SpringBootDependencyInjectionTestExecutionListener@2dff5734, org.springframework.test.context.support.DirtiesContextTestExecutionListener@55de2f04, org.springframework.test.context.transaction.TransactionalTestExecutionListener@4116d998, org.springframework.test.context.jdbc.SqlScriptsTestExecutionListener@497f8a4b, org.springframework.test.context.event.EventPublishingTestExecutionListener@1e6e32a7, org.springframework.boot.test.autoconfigure.restdocs.RestDocsTestExecutionListener@3aec9861, org.springframework.boot.test.autoconfigure.web.client.MockRestServiceServerResetTestExecutionListener@4dc15cbd, org.springframework.boot.test.autoconfigure.web.servlet.MockMvcPrintOnlyOnFailureTestExecutionListener@7859ba9c, org.springframework.boot.test.autoconfigure.web.servlet.WebDriverTestExecutionListener@17cd443a, org.springframework.boot.test.autoconfigure.webservices.client.MockWebServiceServerTestExecutionListener@49bcf932, org.springframework.boot.test.mock.mockito.ResetMocksTestExecutionListener@e5f600c, org.springframework.cloud.contract.wiremock.WireMockTestExecutionListener@3b67a601]

  .   ____          _            __ _ _
 /\\ / ___'_ __ _ _(_)_ __  __ _ \ \ \ \
( ( )\___ | '_ | '_| | '_ \/ _` | \ \ \ \
 \\/  ___)| |_)| | | | | || (_| |  ) ) ) )
  '  |____| .__|_| |_|_| |_\__, | / / / /
 =========|_|==============|___/=/_/_/_/
 :: Spring Boot ::                (v2.4.0)

2022-03-26 00:41:42.565  INFO 32612 --- [    Test worker] com.kmacedo.car.CarApplicationTests      : Starting CarApplicationTests using Java 15.0.2 on MacBook-Pro-de-Kleber.local with PID 32612 (started by cskmacedo in /Users/cskmacedo/Documents/Sistemas/car)
2022-03-26 00:41:42.566  INFO 32612 --- [    Test worker] com.kmacedo.car.CarApplicationTests      : No active profile set, falling back to default profiles: default
2022-03-26 00:41:42.719  INFO 32612 --- [    Test worker] .s.d.r.c.RepositoryConfigurationDelegate : Bootstrapping Spring Data JPA repositories in DEFERRED mode.
2022-03-26 00:41:42.731  INFO 32612 --- [    Test worker] .s.d.r.c.RepositoryConfigurationDelegate : Finished Spring Data repository scanning in 11 ms. Found 4 JPA repository interfaces.
2022-03-26 00:41:42.794  INFO 32612 --- [    Test worker] trationDelegate$BeanPostProcessorChecker : Bean 'org.springframework.security.access.expression.method.DefaultMethodSecurityExpressionHandler@3d443997' of type [org.springframework.security.access.expression.method.DefaultMethodSecurityExpressionHandler] is not eligible for getting processed by all BeanPostProcessors (for example: not eligible for auto-proxying)
2022-03-26 00:41:42.800  INFO 32612 --- [    Test worker] trationDelegate$BeanPostProcessorChecker : Bean 'methodSecurityMetadataSource' of type [org.springframework.security.access.method.DelegatingMethodSecurityMetadataSource] is not eligible for getting processed by all BeanPostProcessors (for example: not eligible for auto-proxying)
2022-03-26 00:41:42.843  INFO 32612 --- [    Test worker] o.s.s.concurrent.ThreadPoolTaskExecutor  : Initializing ExecutorService 'applicationTaskExecutor'
2022-03-26 00:41:42.852  INFO 32612 --- [         task-1] o.hibernate.jpa.internal.util.LogHelper  : HHH000204: Processing PersistenceUnitInfo [name: default]
2022-03-26 00:41:42.854 DEBUG 32612 --- [         task-1] org.hibernate.type.BasicTypeRegistry     : Adding type registration boolean -> org.hibernate.type.BooleanType@211a4cf8
2022-03-26 00:41:42.854 DEBUG 32612 --- [         task-1] org.hibernate.type.BasicTypeRegistry     : Adding type registration boolean -> org.hibernate.type.BooleanType@211a4cf8
2022-03-26 00:41:42.855 DEBUG 32612 --- [         task-1] org.hibernate.type.BasicTypeRegistry     : Adding type registration java.lang.Boolean -> org.hibernate.type.BooleanType@211a4cf8
2022-03-26 00:41:42.855 DEBUG 32612 --- [         task-1] org.hibernate.type.BasicTypeRegistry     : Adding type registration numeric_boolean -> org.hibernate.type.NumericBooleanType@7b39f8ef
2022-03-26 00:41:42.855 DEBUG 32612 --- [         task-1] org.hibernate.type.BasicTypeRegistry     : Adding type registration true_false -> org.hibernate.type.TrueFalseType@4cae195c
2022-03-26 00:41:42.855 DEBUG 32612 --- [         task-1] org.hibernate.type.BasicTypeRegistry     : Adding type registration yes_no -> org.hibernate.type.YesNoType@5cac860a
2022-03-26 00:41:42.855 DEBUG 32612 --- [         task-1] org.hibernate.type.BasicTypeRegistry     : Adding type registration byte -> org.hibernate.type.ByteType@4f0ae178
2022-03-26 00:41:42.855 DEBUG 32612 --- [         task-1] org.hibernate.type.BasicTypeRegistry     : Adding type registration byte -> org.hibernate.type.ByteType@4f0ae178
2022-03-26 00:41:42.855 DEBUG 32612 --- [         task-1] org.hibernate.type.BasicTypeRegistry     : Adding type registration java.lang.Byte -> org.hibernate.type.ByteType@4f0ae178
2022-03-26 00:41:42.856 DEBUG 32612 --- [         task-1] org.hibernate.type.BasicTypeRegistry     : Adding type registration character -> org.hibernate.type.CharacterType@6ffc6003
2022-03-26 00:41:42.856 DEBUG 32612 --- [         task-1] org.hibernate.type.BasicTypeRegistry     : Adding type registration char -> org.hibernate.type.CharacterType@6ffc6003
2022-03-26 00:41:42.856 DEBUG 32612 --- [         task-1] org.hibernate.type.BasicTypeRegistry     : Adding type registration java.lang.Character -> org.hibernate.type.CharacterType@6ffc6003
2022-03-26 00:41:42.856 DEBUG 32612 --- [         task-1] org.hibernate.type.BasicTypeRegistry     : Adding type registration short -> org.hibernate.type.ShortType@71ef8a16
2022-03-26 00:41:42.856 DEBUG 32612 --- [         task-1] org.hibernate.type.BasicTypeRegistry     : Adding type registration short -> org.hibernate.type.ShortType@71ef8a16
2022-03-26 00:41:42.856 DEBUG 32612 --- [         task-1] org.hibernate.type.BasicTypeRegistry     : Adding type registration java.lang.Short -> org.hibernate.type.ShortType@71ef8a16
2022-03-26 00:41:42.856 DEBUG 32612 --- [         task-1] org.hibernate.type.BasicTypeRegistry     : Adding type registration integer -> org.hibernate.type.IntegerType@3b7ed07e
2022-03-26 00:41:42.856 DEBUG 32612 --- [         task-1] org.hibernate.type.BasicTypeRegistry     : Adding type registration int -> org.hibernate.type.IntegerType@3b7ed07e
2022-03-26 00:41:42.857 DEBUG 32612 --- [         task-1] org.hibernate.type.BasicTypeRegistry     : Adding type registration java.lang.Integer -> org.hibernate.type.IntegerType@3b7ed07e
2022-03-26 00:41:42.857 DEBUG 32612 --- [         task-1] org.hibernate.type.BasicTypeRegistry     : Adding type registration long -> org.hibernate.type.LongType@50757a3a
2022-03-26 00:41:42.857 DEBUG 32612 --- [         task-1] org.hibernate.type.BasicTypeRegistry     : Adding type registration long -> org.hibernate.type.LongType@50757a3a
2022-03-26 00:41:42.857 DEBUG 32612 --- [         task-1] org.hibernate.type.BasicTypeRegistry     : Adding type registration java.lang.Long -> org.hibernate.type.LongType@50757a3a
2022-03-26 00:41:42.857 DEBUG 32612 --- [         task-1] org.hibernate.type.BasicTypeRegistry     : Adding type registration float -> org.hibernate.type.FloatType@1c2c83c0
2022-03-26 00:41:42.857 DEBUG 32612 --- [         task-1] org.hibernate.type.BasicTypeRegistry     : Adding type registration float -> org.hibernate.type.FloatType@1c2c83c0
2022-03-26 00:41:42.857 DEBUG 32612 --- [         task-1] org.hibernate.type.BasicTypeRegistry     : Adding type registration java.lang.Float -> org.hibernate.type.FloatType@1c2c83c0
2022-03-26 00:41:42.858 DEBUG 32612 --- [         task-1] org.hibernate.type.BasicTypeRegistry     : Adding type registration double -> org.hibernate.type.DoubleType@2dd10ac5
2022-03-26 00:41:42.858 DEBUG 32612 --- [         task-1] org.hibernate.type.BasicTypeRegistry     : Adding type registration double -> org.hibernate.type.DoubleType@2dd10ac5
2022-03-26 00:41:42.858 DEBUG 32612 --- [         task-1] org.hibernate.type.BasicTypeRegistry     : Adding type registration java.lang.Double -> org.hibernate.type.DoubleType@2dd10ac5
2022-03-26 00:41:42.858 DEBUG 32612 --- [         task-1] org.hibernate.type.BasicTypeRegistry     : Adding type registration big_decimal -> org.hibernate.type.BigDecimalType@7412bc32
2022-03-26 00:41:42.859 DEBUG 32612 --- [         task-1] org.hibernate.type.BasicTypeRegistry     : Adding type registration java.math.BigDecimal -> org.hibernate.type.BigDecimalType@7412bc32
2022-03-26 00:41:42.859 DEBUG 32612 --- [         task-1] org.hibernate.type.BasicTypeRegistry     : Adding type registration big_integer -> org.hibernate.type.BigIntegerType@6e74ce58
2022-03-26 00:41:42.859 DEBUG 32612 --- [         task-1] org.hibernate.type.BasicTypeRegistry     : Adding type registration java.math.BigInteger -> org.hibernate.type.BigIntegerType@6e74ce58
2022-03-26 00:41:42.859 DEBUG 32612 --- [         task-1] org.hibernate.type.BasicTypeRegistry     : Adding type registration string -> org.hibernate.type.StringType@9315584
2022-03-26 00:41:42.859 DEBUG 32612 --- [         task-1] org.hibernate.type.BasicTypeRegistry     : Adding type registration java.lang.String -> org.hibernate.type.StringType@9315584
2022-03-26 00:41:42.859 DEBUG 32612 --- [         task-1] org.hibernate.type.BasicTypeRegistry     : Adding type registration nstring -> org.hibernate.type.StringNVarcharType@7f1519c7
2022-03-26 00:41:42.859 DEBUG 32612 --- [         task-1] org.hibernate.type.BasicTypeRegistry     : Adding type registration ncharacter -> org.hibernate.type.CharacterNCharType@63188af5
2022-03-26 00:41:42.860 DEBUG 32612 --- [         task-1] org.hibernate.type.BasicTypeRegistry     : Adding type registration url -> org.hibernate.type.UrlType@3d904c3c
2022-03-26 00:41:42.860 DEBUG 32612 --- [         task-1] org.hibernate.type.BasicTypeRegistry     : Adding type registration java.net.URL -> org.hibernate.type.UrlType@3d904c3c
2022-03-26 00:41:42.860 DEBUG 32612 --- [         task-1] org.hibernate.type.BasicTypeRegistry     : Adding type registration Duration -> org.hibernate.type.DurationType@738160e8
2022-03-26 00:41:42.860 DEBUG 32612 --- [         task-1] org.hibernate.type.BasicTypeRegistry     : Adding type registration java.time.Duration -> org.hibernate.type.DurationType@738160e8
2022-03-26 00:41:42.860 DEBUG 32612 --- [         task-1] org.hibernate.type.BasicTypeRegistry     : Adding type registration Instant -> org.hibernate.type.InstantType@65bfb3e
2022-03-26 00:41:42.860 DEBUG 32612 --- [         task-1] org.hibernate.type.BasicTypeRegistry     : Adding type registration java.time.Instant -> org.hibernate.type.InstantType@65bfb3e
2022-03-26 00:41:42.860 DEBUG 32612 --- [         task-1] org.hibernate.type.BasicTypeRegistry     : Adding type registration LocalDateTime -> org.hibernate.type.LocalDateTimeType@7d69a270
2022-03-26 00:41:42.861 DEBUG 32612 --- [         task-1] org.hibernate.type.BasicTypeRegistry     : Adding type registration java.time.LocalDateTime -> org.hibernate.type.LocalDateTimeType@7d69a270
2022-03-26 00:41:42.861 DEBUG 32612 --- [         task-1] org.hibernate.type.BasicTypeRegistry     : Adding type registration LocalDate -> org.hibernate.type.LocalDateType@3e460650
2022-03-26 00:41:42.861 DEBUG 32612 --- [         task-1] org.hibernate.type.BasicTypeRegistry     : Adding type registration java.time.LocalDate -> org.hibernate.type.LocalDateType@3e460650
2022-03-26 00:41:42.861 DEBUG 32612 --- [         task-1] org.hibernate.type.BasicTypeRegistry     : Adding type registration LocalTime -> org.hibernate.type.LocalTimeType@27719e64
2022-03-26 00:41:42.861 DEBUG 32612 --- [         task-1] org.hibernate.type.BasicTypeRegistry     : Adding type registration java.time.LocalTime -> org.hibernate.type.LocalTimeType@27719e64
2022-03-26 00:41:42.861 DEBUG 32612 --- [         task-1] org.hibernate.type.BasicTypeRegistry     : Adding type registration OffsetDateTime -> org.hibernate.type.OffsetDateTimeType@17f2e6f7
2022-03-26 00:41:42.861 DEBUG 32612 --- [         task-1] org.hibernate.type.BasicTypeRegistry     : Adding type registration java.time.OffsetDateTime -> org.hibernate.type.OffsetDateTimeType@17f2e6f7
2022-03-26 00:41:42.861 DEBUG 32612 --- [         task-1] org.hibernate.type.BasicTypeRegistry     : Adding type registration OffsetTime -> org.hibernate.type.OffsetTimeType@608dc89f
2022-03-26 00:41:42.862 DEBUG 32612 --- [         task-1] org.hibernate.type.BasicTypeRegistry     : Adding type registration java.time.OffsetTime -> org.hibernate.type.OffsetTimeType@608dc89f
2022-03-26 00:41:42.862 DEBUG 32612 --- [         task-1] org.hibernate.type.BasicTypeRegistry     : Adding type registration ZonedDateTime -> org.hibernate.type.ZonedDateTimeType@6190a983
2022-03-26 00:41:42.862 DEBUG 32612 --- [         task-1] org.hibernate.type.BasicTypeRegistry     : Adding type registration java.time.ZonedDateTime -> org.hibernate.type.ZonedDateTimeType@6190a983
2022-03-26 00:41:42.862 DEBUG 32612 --- [         task-1] org.hibernate.type.BasicTypeRegistry     : Adding type registration date -> org.hibernate.type.DateType@167f402
2022-03-26 00:41:42.862 DEBUG 32612 --- [         task-1] org.hibernate.type.BasicTypeRegistry     : Adding type registration java.sql.Date -> org.hibernate.type.DateType@167f402
2022-03-26 00:41:42.862 DEBUG 32612 --- [         task-1] org.hibernate.type.BasicTypeRegistry     : Adding type registration time -> org.hibernate.type.TimeType@7b19d12b
2022-03-26 00:41:42.862 DEBUG 32612 --- [         task-1] org.hibernate.type.BasicTypeRegistry     : Adding type registration java.sql.Time -> org.hibernate.type.TimeType@7b19d12b
2022-03-26 00:41:42.863 DEBUG 32612 --- [         task-1] org.hibernate.type.BasicTypeRegistry     : Adding type registration timestamp -> org.hibernate.type.TimestampType@4761a71f
2022-03-26 00:41:42.863 DEBUG 32612 --- [         task-1] org.hibernate.type.BasicTypeRegistry     : Adding type registration java.sql.Timestamp -> org.hibernate.type.TimestampType@4761a71f
2022-03-26 00:41:42.863 DEBUG 32612 --- [         task-1] org.hibernate.type.BasicTypeRegistry     : Adding type registration java.util.Date -> org.hibernate.type.TimestampType@4761a71f
2022-03-26 00:41:42.863 DEBUG 32612 --- [         task-1] org.hibernate.type.BasicTypeRegistry     : Adding type registration dbtimestamp -> org.hibernate.type.DbTimestampType@12687bd4
2022-03-26 00:41:42.863 DEBUG 32612 --- [         task-1] org.hibernate.type.BasicTypeRegistry     : Adding type registration calendar -> org.hibernate.type.CalendarType@b1069dd
2022-03-26 00:41:42.863 DEBUG 32612 --- [         task-1] org.hibernate.type.BasicTypeRegistry     : Adding type registration java.util.Calendar -> org.hibernate.type.CalendarType@b1069dd
2022-03-26 00:41:42.863 DEBUG 32612 --- [         task-1] org.hibernate.type.BasicTypeRegistry     : Adding type registration java.util.GregorianCalendar -> org.hibernate.type.CalendarType@b1069dd
2022-03-26 00:41:42.864 DEBUG 32612 --- [         task-1] org.hibernate.type.BasicTypeRegistry     : Adding type registration calendar_date -> org.hibernate.type.CalendarDateType@74f9676
2022-03-26 00:41:42.864 DEBUG 32612 --- [         task-1] org.hibernate.type.BasicTypeRegistry     : Adding type registration calendar_time -> org.hibernate.type.CalendarTimeType@5878b4da
2022-03-26 00:41:42.864 DEBUG 32612 --- [         task-1] org.hibernate.type.BasicTypeRegistry     : Adding type registration locale -> org.hibernate.type.LocaleType@7d5077cd
2022-03-26 00:41:42.864 DEBUG 32612 --- [         task-1] org.hibernate.type.BasicTypeRegistry     : Adding type registration java.util.Locale -> org.hibernate.type.LocaleType@7d5077cd
2022-03-26 00:41:42.864 DEBUG 32612 --- [         task-1] org.hibernate.type.BasicTypeRegistry     : Adding type registration currency -> org.hibernate.type.CurrencyType@2f27060e
2022-03-26 00:41:42.864 DEBUG 32612 --- [         task-1] org.hibernate.type.BasicTypeRegistry     : Adding type registration java.util.Currency -> org.hibernate.type.CurrencyType@2f27060e
2022-03-26 00:41:42.864 DEBUG 32612 --- [         task-1] org.hibernate.type.BasicTypeRegistry     : Adding type registration timezone -> org.hibernate.type.TimeZoneType@3daf51ed
2022-03-26 00:41:42.864 DEBUG 32612 --- [         task-1] org.hibernate.type.BasicTypeRegistry     : Adding type registration java.util.TimeZone -> org.hibernate.type.TimeZoneType@3daf51ed
2022-03-26 00:41:42.864 DEBUG 32612 --- [         task-1] org.hibernate.type.BasicTypeRegistry     : Adding type registration class -> org.hibernate.type.ClassType@5c548898
2022-03-26 00:41:42.864 DEBUG 32612 --- [         task-1] org.hibernate.type.BasicTypeRegistry     : Adding type registration java.lang.Class -> org.hibernate.type.ClassType@5c548898
2022-03-26 00:41:42.864 DEBUG 32612 --- [         task-1] org.hibernate.type.BasicTypeRegistry     : Adding type registration uuid-binary -> org.hibernate.type.UUIDBinaryType@5fc4c0fe
2022-03-26 00:41:42.865 DEBUG 32612 --- [         task-1] org.hibernate.type.BasicTypeRegistry     : Adding type registration java.util.UUID -> org.hibernate.type.UUIDBinaryType@5fc4c0fe
2022-03-26 00:41:42.865 DEBUG 32612 --- [         task-1] org.hibernate.type.BasicTypeRegistry     : Adding type registration uuid-char -> org.hibernate.type.UUIDCharType@4056ebd5
2022-03-26 00:41:42.865 DEBUG 32612 --- [         task-1] org.hibernate.type.BasicTypeRegistry     : Adding type registration binary -> org.hibernate.type.BinaryType@7515dfdd
2022-03-26 00:41:42.865 DEBUG 32612 --- [         task-1] org.hibernate.type.BasicTypeRegistry     : Adding type registration byte[] -> org.hibernate.type.BinaryType@7515dfdd
2022-03-26 00:41:42.865 DEBUG 32612 --- [         task-1] org.hibernate.type.BasicTypeRegistry     : Adding type registration [B -> org.hibernate.type.BinaryType@7515dfdd
2022-03-26 00:41:42.865 DEBUG 32612 --- [         task-1] org.hibernate.type.BasicTypeRegistry     : Adding type registration wrapper-binary -> org.hibernate.type.WrapperBinaryType@76b62a03
2022-03-26 00:41:42.865 DEBUG 32612 --- [         task-1] org.hibernate.type.BasicTypeRegistry     : Adding type registration Byte[] -> org.hibernate.type.WrapperBinaryType@76b62a03
2022-03-26 00:41:42.865 DEBUG 32612 --- [         task-1] org.hibernate.type.BasicTypeRegistry     : Adding type registration [Ljava.lang.Byte; -> org.hibernate.type.WrapperBinaryType@76b62a03
2022-03-26 00:41:42.866 DEBUG 32612 --- [         task-1] org.hibernate.type.BasicTypeRegistry     : Adding type registration row_version -> org.hibernate.type.RowVersionType@1546960f
2022-03-26 00:41:42.866 DEBUG 32612 --- [         task-1] org.hibernate.type.BasicTypeRegistry     : Adding type registration image -> org.hibernate.type.ImageType@539643ca
2022-03-26 00:41:42.866 DEBUG 32612 --- [         task-1] org.hibernate.type.BasicTypeRegistry     : Adding type registration characters -> org.hibernate.type.CharArrayType@35f5e451
2022-03-26 00:41:42.866 DEBUG 32612 --- [         task-1] org.hibernate.type.BasicTypeRegistry     : Adding type registration char[] -> org.hibernate.type.CharArrayType@35f5e451
2022-03-26 00:41:42.866 DEBUG 32612 --- [         task-1] org.hibernate.type.BasicTypeRegistry     : Adding type registration [C -> org.hibernate.type.CharArrayType@35f5e451
2022-03-26 00:41:42.866 DEBUG 32612 --- [         task-1] org.hibernate.type.BasicTypeRegistry     : Adding type registration wrapper-characters -> org.hibernate.type.CharacterArrayType@6825689f
2022-03-26 00:41:42.866 DEBUG 32612 --- [         task-1] org.hibernate.type.BasicTypeRegistry     : Adding type registration [Ljava.lang.Character; -> org.hibernate.type.CharacterArrayType@6825689f
2022-03-26 00:41:42.867 DEBUG 32612 --- [         task-1] org.hibernate.type.BasicTypeRegistry     : Adding type registration Character[] -> org.hibernate.type.CharacterArrayType@6825689f
2022-03-26 00:41:42.867 DEBUG 32612 --- [         task-1] org.hibernate.type.BasicTypeRegistry     : Adding type registration text -> org.hibernate.type.TextType@603bf0e1
2022-03-26 00:41:42.867 DEBUG 32612 --- [         task-1] org.hibernate.type.BasicTypeRegistry     : Adding type registration ntext -> org.hibernate.type.NTextType@38ca9302
2022-03-26 00:41:42.867 DEBUG 32612 --- [         task-1] org.hibernate.type.BasicTypeRegistry     : Adding type registration blob -> org.hibernate.type.BlobType@60db893f
2022-03-26 00:41:42.867 DEBUG 32612 --- [         task-1] org.hibernate.type.BasicTypeRegistry     : Adding type registration java.sql.Blob -> org.hibernate.type.BlobType@60db893f
2022-03-26 00:41:42.867 DEBUG 32612 --- [         task-1] org.hibernate.type.BasicTypeRegistry     : Adding type registration materialized_blob -> org.hibernate.type.MaterializedBlobType@e7b6ac6
2022-03-26 00:41:42.867 DEBUG 32612 --- [         task-1] org.hibernate.type.BasicTypeRegistry     : Adding type registration clob -> org.hibernate.type.ClobType@1d373bd2
2022-03-26 00:41:42.867 DEBUG 32612 --- [         task-1] org.hibernate.type.BasicTypeRegistry     : Adding type registration java.sql.Clob -> org.hibernate.type.ClobType@1d373bd2
2022-03-26 00:41:42.867 DEBUG 32612 --- [         task-1] org.hibernate.type.BasicTypeRegistry     : Adding type registration nclob -> org.hibernate.type.NClobType@6281e1e1
2022-03-26 00:41:42.868 DEBUG 32612 --- [         task-1] org.hibernate.type.BasicTypeRegistry     : Adding type registration java.sql.NClob -> org.hibernate.type.NClobType@6281e1e1
2022-03-26 00:41:42.868 DEBUG 32612 --- [         task-1] org.hibernate.type.BasicTypeRegistry     : Adding type registration materialized_clob -> org.hibernate.type.MaterializedClobType@36ae2c2d
2022-03-26 00:41:42.868 DEBUG 32612 --- [         task-1] org.hibernate.type.BasicTypeRegistry     : Adding type registration materialized_nclob -> org.hibernate.type.MaterializedNClobType@24a87bf2
2022-03-26 00:41:42.868 DEBUG 32612 --- [         task-1] org.hibernate.type.BasicTypeRegistry     : Adding type registration serializable -> org.hibernate.type.SerializableType@2f10ac62
2022-03-26 00:41:42.868 DEBUG 32612 --- [         task-1] org.hibernate.type.BasicTypeRegistry     : Adding type registration object -> org.hibernate.type.ObjectType@2b71016f
2022-03-26 00:41:42.868 DEBUG 32612 --- [         task-1] org.hibernate.type.BasicTypeRegistry     : Adding type registration java.lang.Object -> org.hibernate.type.ObjectType@2b71016f
2022-03-26 00:41:42.868 DEBUG 32612 --- [         task-1] org.hibernate.type.BasicTypeRegistry     : Adding type registration imm_date -> org.hibernate.type.AdaptedImmutableType@7b9ad7ea
2022-03-26 00:41:42.869 DEBUG 32612 --- [         task-1] org.hibernate.type.BasicTypeRegistry     : Adding type registration imm_time -> org.hibernate.type.AdaptedImmutableType@33766399
2022-03-26 00:41:42.869 DEBUG 32612 --- [         task-1] org.hibernate.type.BasicTypeRegistry     : Adding type registration imm_timestamp -> org.hibernate.type.AdaptedImmutableType@2ab58757
2022-03-26 00:41:42.869 DEBUG 32612 --- [         task-1] org.hibernate.type.BasicTypeRegistry     : Adding type registration imm_dbtimestamp -> org.hibernate.type.AdaptedImmutableType@5908ac3
2022-03-26 00:41:42.869 DEBUG 32612 --- [         task-1] org.hibernate.type.BasicTypeRegistry     : Adding type registration imm_calendar -> org.hibernate.type.AdaptedImmutableType@2898381c
2022-03-26 00:41:42.869 DEBUG 32612 --- [         task-1] org.hibernate.type.BasicTypeRegistry     : Adding type registration imm_calendar_date -> org.hibernate.type.AdaptedImmutableType@2872ec3d
2022-03-26 00:41:42.869 DEBUG 32612 --- [         task-1] org.hibernate.type.BasicTypeRegistry     : Adding type registration imm_binary -> org.hibernate.type.AdaptedImmutableType@2efb595b
2022-03-26 00:41:42.869 DEBUG 32612 --- [         task-1] org.hibernate.type.BasicTypeRegistry     : Adding type registration imm_serializable -> org.hibernate.type.AdaptedImmutableType@2f3c08d5
2022-03-26 00:41:42.871  INFO 32612 --- [         task-1] com.zaxxer.hikari.HikariDataSource       : HikariPool-2 - Starting...
2022-03-26 00:41:42.871  WARN 32612 --- [         task-1] com.zaxxer.hikari.util.DriverDataSource  : Registered driver with driverClassName=com.mysql.jdbc.Driver was not found, trying direct instantiation.
2022-03-26 00:41:42.882  WARN 32612 --- [    Test worker] JpaBaseConfiguration$JpaWebConfiguration : spring.jpa.open-in-view is enabled by default. Therefore, database queries may be performed during view rendering. Explicitly configure spring.jpa.open-in-view to disable this warning
2022-03-26 00:41:42.926  INFO 32612 --- [         task-1] com.zaxxer.hikari.HikariDataSource       : HikariPool-2 - Start completed.
2022-03-26 00:41:42.927  INFO 32612 --- [         task-1] org.hibernate.dialect.Dialect            : HHH000400: Using dialect: org.hibernate.dialect.MySQL5InnoDBDialect
2022-03-26 00:41:42.931 DEBUG 32612 --- [         task-1] o.h.type.spi.TypeConfiguration$Scope     : Scoping TypeConfiguration [org.hibernate.type.spi.TypeConfiguration@195ed69d] to MetadataBuildingContext [org.hibernate.boot.internal.MetadataBuildingContextRootImpl@77e1cbf9]
2022-03-26 00:41:42.937 DEBUG 32612 --- [         task-1] org.hibernate.type.EnumType              : Using ORDINAL-based conversion for Enum com.kmacedo.car.domain.TravelRequestStatus
2022-03-26 00:41:42.939 DEBUG 32612 --- [         task-1] org.hibernate.type.EnumType              : Using ORDINAL-based conversion for Enum com.kmacedo.car.domain.TravelRequestStatus
2022-03-26 00:41:42.950 DEBUG 32612 --- [         task-1] o.h.type.spi.TypeConfiguration$Scope     : Scoping TypeConfiguration [org.hibernate.type.spi.TypeConfiguration@195ed69d] to SessionFactoryImpl [org.hibernate.internal.SessionFactoryImpl@50bbca5c]
2022-03-26 00:41:42.951 DEBUG 32612 --- [         task-1] org.hibernate.type.EnumType              : Using ORDINAL-based conversion for Enum com.kmacedo.car.domain.TravelRequestStatus
2022-03-26 00:41:42.951 DEBUG 32612 --- [         task-1] org.hibernate.type.EnumType              : Using ORDINAL-based conversion for Enum com.kmacedo.car.domain.TravelRequestStatus
2022-03-26 00:41:42.951 DEBUG 32612 --- [         task-1] org.hibernate.type.EnumType              : Using ORDINAL-based conversion for Enum com.kmacedo.car.domain.TravelRequestStatus
2022-03-26 00:41:42.952 DEBUG 32612 --- [         task-1] org.hibernate.type.EnumType              : Using ORDINAL-based conversion for Enum com.kmacedo.car.domain.TravelRequestStatus
2022-03-26 00:41:42.958 DEBUG 32612 --- [         task-1] org.hibernate.type.EnumType              : Using ORDINAL-based conversion for Enum com.kmacedo.car.domain.TravelRequestStatus
2022-03-26 00:41:42.958 DEBUG 32612 --- [         task-1] org.hibernate.type.EnumType              : Using ORDINAL-based conversion for Enum com.kmacedo.car.domain.TravelRequestStatus
2022-03-26 00:41:42.959 DEBUG 32612 --- [         task-1] org.hibernate.type.EnumType              : Using ORDINAL-based conversion for Enum com.kmacedo.car.domain.TravelRequestStatus
2022-03-26 00:41:42.998  INFO 32612 --- [         task-1] o.h.e.t.j.p.i.JtaPlatformInitiator       : HHH000490: Using JtaPlatform implementation: [org.hibernate.engine.transaction.jta.platform.internal.NoJtaPlatform]
2022-03-26 00:41:42.999 TRACE 32612 --- [         task-1] o.h.type.spi.TypeConfiguration$Scope     : Handling #sessionFactoryCreated from [org.hibernate.internal.SessionFactoryImpl@50bbca5c] for TypeConfiguration
2022-03-26 00:41:42.999  INFO 32612 --- [         task-1] j.LocalContainerEntityManagerFactoryBean : Initialized JPA EntityManagerFactory for persistence unit 'default'
2022-03-26 00:41:43.073 DEBUG 32612 --- [    Test worker] org.hibernate.SQL                        : select user0_.id as id1_3_, user0_.enabled as enabled2_3_, user0_.password as password3_3_, user0_.username as username4_3_ from user user0_
2022-03-26 00:41:43.075 TRACE 32612 --- [    Test worker] o.h.type.descriptor.sql.BasicExtractor   : extracted value ([id1_3_] : [BIGINT]) - [1]
2022-03-26 00:41:43.075 TRACE 32612 --- [    Test worker] o.h.type.descriptor.sql.BasicExtractor   : extracted value ([enabled2_3_] : [BOOLEAN]) - [true]
2022-03-26 00:41:43.075 TRACE 32612 --- [    Test worker] o.h.type.descriptor.sql.BasicExtractor   : extracted value ([password3_3_] : [VARCHAR]) - [$2a$10$Pnk15AbKuAgyLK/Yw.AIWOgRpJJYTJhxZalAxCqJSZDe/Fte2SruS]
2022-03-26 00:41:43.075 TRACE 32612 --- [    Test worker] o.h.type.descriptor.sql.BasicExtractor   : extracted value ([username4_3_] : [VARCHAR]) - [admin]
2022-03-26 00:41:43.076 TRACE 32612 --- [    Test worker] org.hibernate.type.CollectionType        : Created collection wrapper: [com.kmacedo.car.domain.User.roles#1]
2022-03-26 00:41:43.167  INFO 32612 --- [    Test worker] o.s.s.web.DefaultSecurityFilterChain     : Will secure any request with [org.springframework.security.web.context.request.async.WebAsyncManagerIntegrationFilter@2e618938, org.springframework.security.web.context.SecurityContextPersistenceFilter@33db53ba, org.springframework.security.web.header.HeaderWriterFilter@5016beb2, org.springframework.security.web.authentication.logout.LogoutFilter@75f39aca, org.springframework.security.web.authentication.www.BasicAuthenticationFilter@c364531, org.springframework.security.web.savedrequest.RequestCacheAwareFilter@3aef2bcc, org.springframework.security.web.servletapi.SecurityContextHolderAwareRequestFilter@5fe9f10d, org.springframework.security.web.authentication.AnonymousAuthenticationFilter@7f394aa6, org.springframework.security.web.session.SessionManagementFilter@47f080d8, org.springframework.security.web.access.ExceptionTranslationFilter@1efb93dc, org.springframework.security.web.access.intercept.FilterSecurityInterceptor@317dd30b]
2022-03-26 00:41:43.413  INFO 32612 --- [    Test worker] .s.s.UserDetailsServiceAutoConfiguration : 

Using generated security password: 458437d6-167d-4fe6-b1cc-a7d569564420

2022-03-26 00:41:43.416  INFO 32612 --- [    Test worker] DeferredRepositoryInitializationListener : Triggering deferred initialization of Spring Data repositories…
2022-03-26 00:41:43.494  INFO 32612 --- [    Test worker] DeferredRepositoryInitializationListener : Spring Data repositories initialized!
2022-03-26 00:41:43.498  INFO 32612 --- [    Test worker] com.kmacedo.car.CarApplicationTests      : Started CarApplicationTests in 0.948 seconds (JVM running for 8.126)
]]></system-out>
  <system-err><![CDATA[]]></system-err>
</testsuite>
