<?xml version="1.0" encoding="UTF-8"?>
<testsuite name="com.kmacedo.car.interfaces.incoming.PassengerAPITestIT" tests="1" skipped="0" failures="0" errors="0" timestamp="2022-03-25T04:17:54" hostname="MacBook-Pro-de-Kleber.local" time="0.091">
  <properties/>
  <testcase name="testCreatePassenger()" classname="com.kmacedo.car.interfaces.incoming.PassengerAPITestIT" time="0.091"/>
  <system-out><![CDATA[2022-03-25 01:17:54.061  INFO 34609 --- [    Test worker] .b.t.c.SpringBootTestContextBootstrapper : Neither @ContextConfiguration nor @ContextHierarchy found for test class [com.kmacedo.car.interfaces.incoming.PassengerAPITestIT], using SpringBootContextLoader
2022-03-25 01:17:54.062  INFO 34609 --- [    Test worker] o.s.t.c.support.AbstractContextLoader    : Could not detect default resource locations for test class [com.kmacedo.car.interfaces.incoming.PassengerAPITestIT]: no resource found for suffixes {-context.xml, Context.groovy}.
2022-03-25 01:17:54.062  INFO 34609 --- [    Test worker] t.c.s.AnnotationConfigContextLoaderUtils : Could not detect default configuration classes for test class [com.kmacedo.car.interfaces.incoming.PassengerAPITestIT]: PassengerAPITestIT does not declare any static, non-private, non-final, nested classes annotated with @Configuration.
2022-03-25 01:17:54.063  INFO 34609 --- [    Test worker] .b.t.c.SpringBootTestContextBootstrapper : Found @SpringBootConfiguration com.kmacedo.car.CarApplication for test class com.kmacedo.car.interfaces.incoming.PassengerAPITestIT
2022-03-25 01:17:54.064  INFO 34609 --- [    Test worker] .b.t.c.SpringBootTestContextBootstrapper : Loaded default TestExecutionListener class names from location [META-INF/spring.factories]: [org.springframework.cloud.contract.wiremock.WireMockTestExecutionListener, org.springframework.boot.test.autoconfigure.restdocs.RestDocsTestExecutionListener, org.springframework.boot.test.autoconfigure.web.client.MockRestServiceServerResetTestExecutionListener, org.springframework.boot.test.autoconfigure.web.servlet.MockMvcPrintOnlyOnFailureTestExecutionListener, org.springframework.boot.test.autoconfigure.web.servlet.WebDriverTestExecutionListener, org.springframework.boot.test.autoconfigure.webservices.client.MockWebServiceServerTestExecutionListener, org.springframework.boot.test.mock.mockito.MockitoTestExecutionListener, org.springframework.boot.test.mock.mockito.ResetMocksTestExecutionListener, org.springframework.test.context.web.ServletTestExecutionListener, org.springframework.test.context.support.DirtiesContextBeforeModesTestExecutionListener, org.springframework.test.context.support.DependencyInjectionTestExecutionListener, org.springframework.test.context.support.DirtiesContextTestExecutionListener, org.springframework.test.context.transaction.TransactionalTestExecutionListener, org.springframework.test.context.jdbc.SqlScriptsTestExecutionListener, org.springframework.test.context.event.EventPublishingTestExecutionListener]
2022-03-25 01:17:54.064  INFO 34609 --- [    Test worker] .b.t.c.SpringBootTestContextBootstrapper : Using TestExecutionListeners: [org.springframework.test.context.web.ServletTestExecutionListener@34deafd, org.springframework.test.context.support.DirtiesContextBeforeModesTestExecutionListener@40b48f72, org.springframework.boot.test.mock.mockito.MockitoTestExecutionListener@314e0969, org.springframework.boot.test.autoconfigure.SpringBootDependencyInjectionTestExecutionListener@5ee258b3, org.springframework.test.context.support.DirtiesContextTestExecutionListener@32145b90, org.springframework.test.context.transaction.TransactionalTestExecutionListener@56bf8dbf, org.springframework.test.context.jdbc.SqlScriptsTestExecutionListener@177bc340, org.springframework.test.context.event.EventPublishingTestExecutionListener@5b9036dc, org.springframework.boot.test.autoconfigure.restdocs.RestDocsTestExecutionListener@4bc82ee5, org.springframework.boot.test.autoconfigure.web.client.MockRestServiceServerResetTestExecutionListener@61b09056, org.springframework.boot.test.autoconfigure.web.servlet.MockMvcPrintOnlyOnFailureTestExecutionListener@28983ee3, org.springframework.boot.test.autoconfigure.web.servlet.WebDriverTestExecutionListener@7264cbfa, org.springframework.boot.test.autoconfigure.webservices.client.MockWebServiceServerTestExecutionListener@78516c55, org.springframework.boot.test.mock.mockito.ResetMocksTestExecutionListener@1d867129, org.springframework.cloud.contract.wiremock.WireMockTestExecutionListener@74002b5c]

  .   ____          _            __ _ _
 /\\ / ___'_ __ _ _(_)_ __  __ _ \ \ \ \
( ( )\___ | '_ | '_| | '_ \/ _` | \ \ \ \
 \\/  ___)| |_)| | | | | || (_| |  ) ) ) )
  '  |____| .__|_| |_|_| |_\__, | / / / /
 =========|_|==============|___/=/_/_/_/
 :: Spring Boot ::                (v2.4.0)

2022-03-25 01:17:54.079  INFO 34609 --- [    Test worker] c.k.c.i.incoming.PassengerAPITestIT      : Starting PassengerAPITestIT using Java 15.0.2 on MacBook-Pro-de-Kleber.local with PID 34609 (started by cskmacedo in /Users/cskmacedo/Documents/Sistemas/car)
2022-03-25 01:17:54.079  INFO 34609 --- [    Test worker] c.k.c.i.incoming.PassengerAPITestIT      : No active profile set, falling back to default profiles: default
2022-03-25 01:17:54.188  INFO 34609 --- [    Test worker] .s.d.r.c.RepositoryConfigurationDelegate : Bootstrapping Spring Data JPA repositories in DEFERRED mode.
2022-03-25 01:17:54.198  INFO 34609 --- [    Test worker] .s.d.r.c.RepositoryConfigurationDelegate : Finished Spring Data repository scanning in 9 ms. Found 3 JPA repository interfaces.
2022-03-25 01:17:54.278  INFO 34609 --- [    Test worker] o.s.b.w.embedded.tomcat.TomcatWebServer  : Tomcat initialized with port(s): 0 (http)
2022-03-25 01:17:54.278  INFO 34609 --- [    Test worker] o.apache.catalina.core.StandardService   : Starting service [Tomcat]
2022-03-25 01:17:54.279  INFO 34609 --- [    Test worker] org.apache.catalina.core.StandardEngine  : Starting Servlet engine: [Apache Tomcat/9.0.39]
2022-03-25 01:17:54.297  INFO 34609 --- [    Test worker] o.a.c.c.C.[Tomcat-1].[localhost].[/]     : Initializing Spring embedded WebApplicationContext
2022-03-25 01:17:54.297  INFO 34609 --- [    Test worker] w.s.c.ServletWebServerApplicationContext : Root WebApplicationContext: initialization completed in 216 ms
2022-03-25 01:17:54.357  INFO 34609 --- [    Test worker] o.s.s.concurrent.ThreadPoolTaskExecutor  : Initializing ExecutorService 'applicationTaskExecutor'
2022-03-25 01:17:54.366  INFO 34609 --- [         task-1] o.hibernate.jpa.internal.util.LogHelper  : HHH000204: Processing PersistenceUnitInfo [name: default]
2022-03-25 01:17:54.368 DEBUG 34609 --- [         task-1] org.hibernate.type.BasicTypeRegistry     : Adding type registration boolean -> org.hibernate.type.BooleanType@7ff396fd
2022-03-25 01:17:54.368 DEBUG 34609 --- [         task-1] org.hibernate.type.BasicTypeRegistry     : Adding type registration boolean -> org.hibernate.type.BooleanType@7ff396fd
2022-03-25 01:17:54.368 DEBUG 34609 --- [         task-1] org.hibernate.type.BasicTypeRegistry     : Adding type registration java.lang.Boolean -> org.hibernate.type.BooleanType@7ff396fd
2022-03-25 01:17:54.368 DEBUG 34609 --- [         task-1] org.hibernate.type.BasicTypeRegistry     : Adding type registration numeric_boolean -> org.hibernate.type.NumericBooleanType@3270769e
2022-03-25 01:17:54.368 DEBUG 34609 --- [         task-1] org.hibernate.type.BasicTypeRegistry     : Adding type registration true_false -> org.hibernate.type.TrueFalseType@1023352b
2022-03-25 01:17:54.368 DEBUG 34609 --- [         task-1] org.hibernate.type.BasicTypeRegistry     : Adding type registration yes_no -> org.hibernate.type.YesNoType@7509332a
2022-03-25 01:17:54.368 DEBUG 34609 --- [         task-1] org.hibernate.type.BasicTypeRegistry     : Adding type registration byte -> org.hibernate.type.ByteType@b64e4f0
2022-03-25 01:17:54.368 DEBUG 34609 --- [         task-1] org.hibernate.type.BasicTypeRegistry     : Adding type registration byte -> org.hibernate.type.ByteType@b64e4f0
2022-03-25 01:17:54.368 DEBUG 34609 --- [         task-1] org.hibernate.type.BasicTypeRegistry     : Adding type registration java.lang.Byte -> org.hibernate.type.ByteType@b64e4f0
2022-03-25 01:17:54.368 DEBUG 34609 --- [         task-1] org.hibernate.type.BasicTypeRegistry     : Adding type registration character -> org.hibernate.type.CharacterType@31846416
2022-03-25 01:17:54.368 DEBUG 34609 --- [         task-1] org.hibernate.type.BasicTypeRegistry     : Adding type registration char -> org.hibernate.type.CharacterType@31846416
2022-03-25 01:17:54.368 DEBUG 34609 --- [         task-1] org.hibernate.type.BasicTypeRegistry     : Adding type registration java.lang.Character -> org.hibernate.type.CharacterType@31846416
2022-03-25 01:17:54.369 DEBUG 34609 --- [         task-1] org.hibernate.type.BasicTypeRegistry     : Adding type registration short -> org.hibernate.type.ShortType@78a1962e
2022-03-25 01:17:54.369 DEBUG 34609 --- [         task-1] org.hibernate.type.BasicTypeRegistry     : Adding type registration short -> org.hibernate.type.ShortType@78a1962e
2022-03-25 01:17:54.369 DEBUG 34609 --- [         task-1] org.hibernate.type.BasicTypeRegistry     : Adding type registration java.lang.Short -> org.hibernate.type.ShortType@78a1962e
2022-03-25 01:17:54.369 DEBUG 34609 --- [         task-1] org.hibernate.type.BasicTypeRegistry     : Adding type registration integer -> org.hibernate.type.IntegerType@ce200c9
2022-03-25 01:17:54.369 DEBUG 34609 --- [         task-1] org.hibernate.type.BasicTypeRegistry     : Adding type registration int -> org.hibernate.type.IntegerType@ce200c9
2022-03-25 01:17:54.369 DEBUG 34609 --- [         task-1] org.hibernate.type.BasicTypeRegistry     : Adding type registration java.lang.Integer -> org.hibernate.type.IntegerType@ce200c9
2022-03-25 01:17:54.369 DEBUG 34609 --- [         task-1] org.hibernate.type.BasicTypeRegistry     : Adding type registration long -> org.hibernate.type.LongType@670456b
2022-03-25 01:17:54.369 DEBUG 34609 --- [         task-1] org.hibernate.type.BasicTypeRegistry     : Adding type registration long -> org.hibernate.type.LongType@670456b
2022-03-25 01:17:54.369 DEBUG 34609 --- [         task-1] org.hibernate.type.BasicTypeRegistry     : Adding type registration java.lang.Long -> org.hibernate.type.LongType@670456b
2022-03-25 01:17:54.369 DEBUG 34609 --- [         task-1] org.hibernate.type.BasicTypeRegistry     : Adding type registration float -> org.hibernate.type.FloatType@218e2ae0
2022-03-25 01:17:54.369 DEBUG 34609 --- [         task-1] org.hibernate.type.BasicTypeRegistry     : Adding type registration float -> org.hibernate.type.FloatType@218e2ae0
2022-03-25 01:17:54.369 DEBUG 34609 --- [         task-1] org.hibernate.type.BasicTypeRegistry     : Adding type registration java.lang.Float -> org.hibernate.type.FloatType@218e2ae0
2022-03-25 01:17:54.369 DEBUG 34609 --- [         task-1] org.hibernate.type.BasicTypeRegistry     : Adding type registration double -> org.hibernate.type.DoubleType@dd74813
2022-03-25 01:17:54.370 DEBUG 34609 --- [         task-1] org.hibernate.type.BasicTypeRegistry     : Adding type registration double -> org.hibernate.type.DoubleType@dd74813
2022-03-25 01:17:54.370 DEBUG 34609 --- [         task-1] org.hibernate.type.BasicTypeRegistry     : Adding type registration java.lang.Double -> org.hibernate.type.DoubleType@dd74813
2022-03-25 01:17:54.370 DEBUG 34609 --- [         task-1] org.hibernate.type.BasicTypeRegistry     : Adding type registration big_decimal -> org.hibernate.type.BigDecimalType@75233214
2022-03-25 01:17:54.370 DEBUG 34609 --- [         task-1] org.hibernate.type.BasicTypeRegistry     : Adding type registration java.math.BigDecimal -> org.hibernate.type.BigDecimalType@75233214
2022-03-25 01:17:54.370 DEBUG 34609 --- [         task-1] org.hibernate.type.BasicTypeRegistry     : Adding type registration big_integer -> org.hibernate.type.BigIntegerType@4200994c
2022-03-25 01:17:54.370 DEBUG 34609 --- [         task-1] org.hibernate.type.BasicTypeRegistry     : Adding type registration java.math.BigInteger -> org.hibernate.type.BigIntegerType@4200994c
2022-03-25 01:17:54.370 DEBUG 34609 --- [         task-1] org.hibernate.type.BasicTypeRegistry     : Adding type registration string -> org.hibernate.type.StringType@18aefd2a
2022-03-25 01:17:54.370 DEBUG 34609 --- [         task-1] org.hibernate.type.BasicTypeRegistry     : Adding type registration java.lang.String -> org.hibernate.type.StringType@18aefd2a
2022-03-25 01:17:54.370 DEBUG 34609 --- [         task-1] org.hibernate.type.BasicTypeRegistry     : Adding type registration nstring -> org.hibernate.type.StringNVarcharType@3f59c2f4
2022-03-25 01:17:54.371 DEBUG 34609 --- [         task-1] org.hibernate.type.BasicTypeRegistry     : Adding type registration ncharacter -> org.hibernate.type.CharacterNCharType@a3e61b3
2022-03-25 01:17:54.371 DEBUG 34609 --- [         task-1] org.hibernate.type.BasicTypeRegistry     : Adding type registration url -> org.hibernate.type.UrlType@572970ab
2022-03-25 01:17:54.371 DEBUG 34609 --- [         task-1] org.hibernate.type.BasicTypeRegistry     : Adding type registration java.net.URL -> org.hibernate.type.UrlType@572970ab
2022-03-25 01:17:54.371 DEBUG 34609 --- [         task-1] org.hibernate.type.BasicTypeRegistry     : Adding type registration Duration -> org.hibernate.type.DurationType@18fdcb71
2022-03-25 01:17:54.371 DEBUG 34609 --- [         task-1] org.hibernate.type.BasicTypeRegistry     : Adding type registration java.time.Duration -> org.hibernate.type.DurationType@18fdcb71
2022-03-25 01:17:54.371 DEBUG 34609 --- [         task-1] org.hibernate.type.BasicTypeRegistry     : Adding type registration Instant -> org.hibernate.type.InstantType@1fe2b234
2022-03-25 01:17:54.371 DEBUG 34609 --- [         task-1] org.hibernate.type.BasicTypeRegistry     : Adding type registration java.time.Instant -> org.hibernate.type.InstantType@1fe2b234
2022-03-25 01:17:54.371 DEBUG 34609 --- [         task-1] org.hibernate.type.BasicTypeRegistry     : Adding type registration LocalDateTime -> org.hibernate.type.LocalDateTimeType@2cd77fac
2022-03-25 01:17:54.371 DEBUG 34609 --- [         task-1] org.hibernate.type.BasicTypeRegistry     : Adding type registration java.time.LocalDateTime -> org.hibernate.type.LocalDateTimeType@2cd77fac
2022-03-25 01:17:54.371 DEBUG 34609 --- [         task-1] org.hibernate.type.BasicTypeRegistry     : Adding type registration LocalDate -> org.hibernate.type.LocalDateType@48053d6c
2022-03-25 01:17:54.371 DEBUG 34609 --- [         task-1] org.hibernate.type.BasicTypeRegistry     : Adding type registration java.time.LocalDate -> org.hibernate.type.LocalDateType@48053d6c
2022-03-25 01:17:54.371 DEBUG 34609 --- [         task-1] org.hibernate.type.BasicTypeRegistry     : Adding type registration LocalTime -> org.hibernate.type.LocalTimeType@c66bcb
2022-03-25 01:17:54.371 DEBUG 34609 --- [         task-1] org.hibernate.type.BasicTypeRegistry     : Adding type registration java.time.LocalTime -> org.hibernate.type.LocalTimeType@c66bcb
2022-03-25 01:17:54.372 DEBUG 34609 --- [         task-1] org.hibernate.type.BasicTypeRegistry     : Adding type registration OffsetDateTime -> org.hibernate.type.OffsetDateTimeType@386a93f5
2022-03-25 01:17:54.372 DEBUG 34609 --- [         task-1] org.hibernate.type.BasicTypeRegistry     : Adding type registration java.time.OffsetDateTime -> org.hibernate.type.OffsetDateTimeType@386a93f5
2022-03-25 01:17:54.372 DEBUG 34609 --- [         task-1] org.hibernate.type.BasicTypeRegistry     : Adding type registration OffsetTime -> org.hibernate.type.OffsetTimeType@141f52da
2022-03-25 01:17:54.372 DEBUG 34609 --- [         task-1] org.hibernate.type.BasicTypeRegistry     : Adding type registration java.time.OffsetTime -> org.hibernate.type.OffsetTimeType@141f52da
2022-03-25 01:17:54.372 DEBUG 34609 --- [         task-1] org.hibernate.type.BasicTypeRegistry     : Adding type registration ZonedDateTime -> org.hibernate.type.ZonedDateTimeType@76709b9d
2022-03-25 01:17:54.372 DEBUG 34609 --- [         task-1] org.hibernate.type.BasicTypeRegistry     : Adding type registration java.time.ZonedDateTime -> org.hibernate.type.ZonedDateTimeType@76709b9d
2022-03-25 01:17:54.372 DEBUG 34609 --- [         task-1] org.hibernate.type.BasicTypeRegistry     : Adding type registration date -> org.hibernate.type.DateType@42e320bc
2022-03-25 01:17:54.372 DEBUG 34609 --- [         task-1] org.hibernate.type.BasicTypeRegistry     : Adding type registration java.sql.Date -> org.hibernate.type.DateType@42e320bc
2022-03-25 01:17:54.372 DEBUG 34609 --- [         task-1] org.hibernate.type.BasicTypeRegistry     : Adding type registration time -> org.hibernate.type.TimeType@648e2923
2022-03-25 01:17:54.372 DEBUG 34609 --- [         task-1] org.hibernate.type.BasicTypeRegistry     : Adding type registration java.sql.Time -> org.hibernate.type.TimeType@648e2923
2022-03-25 01:17:54.372 DEBUG 34609 --- [         task-1] org.hibernate.type.BasicTypeRegistry     : Adding type registration timestamp -> org.hibernate.type.TimestampType@5fd5d80b
2022-03-25 01:17:54.372 DEBUG 34609 --- [         task-1] org.hibernate.type.BasicTypeRegistry     : Adding type registration java.sql.Timestamp -> org.hibernate.type.TimestampType@5fd5d80b
2022-03-25 01:17:54.372 DEBUG 34609 --- [         task-1] org.hibernate.type.BasicTypeRegistry     : Adding type registration java.util.Date -> org.hibernate.type.TimestampType@5fd5d80b
2022-03-25 01:17:54.372 DEBUG 34609 --- [         task-1] org.hibernate.type.BasicTypeRegistry     : Adding type registration dbtimestamp -> org.hibernate.type.DbTimestampType@4bb7bb4f
2022-03-25 01:17:54.372 DEBUG 34609 --- [         task-1] org.hibernate.type.BasicTypeRegistry     : Adding type registration calendar -> org.hibernate.type.CalendarType@540db194
2022-03-25 01:17:54.372 DEBUG 34609 --- [         task-1] org.hibernate.type.BasicTypeRegistry     : Adding type registration java.util.Calendar -> org.hibernate.type.CalendarType@540db194
2022-03-25 01:17:54.373 DEBUG 34609 --- [         task-1] org.hibernate.type.BasicTypeRegistry     : Adding type registration java.util.GregorianCalendar -> org.hibernate.type.CalendarType@540db194
2022-03-25 01:17:54.373 DEBUG 34609 --- [         task-1] org.hibernate.type.BasicTypeRegistry     : Adding type registration calendar_date -> org.hibernate.type.CalendarDateType@29fd11a4
2022-03-25 01:17:54.373 DEBUG 34609 --- [         task-1] org.hibernate.type.BasicTypeRegistry     : Adding type registration calendar_time -> org.hibernate.type.CalendarTimeType@54e90a0a
2022-03-25 01:17:54.373 DEBUG 34609 --- [         task-1] org.hibernate.type.BasicTypeRegistry     : Adding type registration locale -> org.hibernate.type.LocaleType@5f9a1fa8
2022-03-25 01:17:54.373 DEBUG 34609 --- [         task-1] org.hibernate.type.BasicTypeRegistry     : Adding type registration java.util.Locale -> org.hibernate.type.LocaleType@5f9a1fa8
2022-03-25 01:17:54.373 DEBUG 34609 --- [         task-1] org.hibernate.type.BasicTypeRegistry     : Adding type registration currency -> org.hibernate.type.CurrencyType@7c927475
2022-03-25 01:17:54.373 DEBUG 34609 --- [         task-1] org.hibernate.type.BasicTypeRegistry     : Adding type registration java.util.Currency -> org.hibernate.type.CurrencyType@7c927475
2022-03-25 01:17:54.373 DEBUG 34609 --- [         task-1] org.hibernate.type.BasicTypeRegistry     : Adding type registration timezone -> org.hibernate.type.TimeZoneType@56febc7d
2022-03-25 01:17:54.373 DEBUG 34609 --- [         task-1] org.hibernate.type.BasicTypeRegistry     : Adding type registration java.util.TimeZone -> org.hibernate.type.TimeZoneType@56febc7d
2022-03-25 01:17:54.373 DEBUG 34609 --- [         task-1] org.hibernate.type.BasicTypeRegistry     : Adding type registration class -> org.hibernate.type.ClassType@b446046
2022-03-25 01:17:54.373 DEBUG 34609 --- [         task-1] org.hibernate.type.BasicTypeRegistry     : Adding type registration java.lang.Class -> org.hibernate.type.ClassType@b446046
2022-03-25 01:17:54.373 DEBUG 34609 --- [         task-1] org.hibernate.type.BasicTypeRegistry     : Adding type registration uuid-binary -> org.hibernate.type.UUIDBinaryType@ab96ec0
2022-03-25 01:17:54.373 DEBUG 34609 --- [         task-1] org.hibernate.type.BasicTypeRegistry     : Adding type registration java.util.UUID -> org.hibernate.type.UUIDBinaryType@ab96ec0
2022-03-25 01:17:54.374 DEBUG 34609 --- [         task-1] org.hibernate.type.BasicTypeRegistry     : Adding type registration uuid-char -> org.hibernate.type.UUIDCharType@1230522c
2022-03-25 01:17:54.374 DEBUG 34609 --- [         task-1] org.hibernate.type.BasicTypeRegistry     : Adding type registration binary -> org.hibernate.type.BinaryType@5c67c01
2022-03-25 01:17:54.374 DEBUG 34609 --- [         task-1] org.hibernate.type.BasicTypeRegistry     : Adding type registration byte[] -> org.hibernate.type.BinaryType@5c67c01
2022-03-25 01:17:54.374 DEBUG 34609 --- [         task-1] org.hibernate.type.BasicTypeRegistry     : Adding type registration [B -> org.hibernate.type.BinaryType@5c67c01
2022-03-25 01:17:54.374 DEBUG 34609 --- [         task-1] org.hibernate.type.BasicTypeRegistry     : Adding type registration wrapper-binary -> org.hibernate.type.WrapperBinaryType@70b9a7fc
2022-03-25 01:17:54.374 DEBUG 34609 --- [         task-1] org.hibernate.type.BasicTypeRegistry     : Adding type registration Byte[] -> org.hibernate.type.WrapperBinaryType@70b9a7fc
2022-03-25 01:17:54.374 DEBUG 34609 --- [         task-1] org.hibernate.type.BasicTypeRegistry     : Adding type registration [Ljava.lang.Byte; -> org.hibernate.type.WrapperBinaryType@70b9a7fc
2022-03-25 01:17:54.374 DEBUG 34609 --- [         task-1] org.hibernate.type.BasicTypeRegistry     : Adding type registration row_version -> org.hibernate.type.RowVersionType@224c5e88
2022-03-25 01:17:54.374 DEBUG 34609 --- [         task-1] org.hibernate.type.BasicTypeRegistry     : Adding type registration image -> org.hibernate.type.ImageType@11129d02
2022-03-25 01:17:54.374 DEBUG 34609 --- [         task-1] org.hibernate.type.BasicTypeRegistry     : Adding type registration characters -> org.hibernate.type.CharArrayType@385486ba
2022-03-25 01:17:54.374 DEBUG 34609 --- [         task-1] org.hibernate.type.BasicTypeRegistry     : Adding type registration char[] -> org.hibernate.type.CharArrayType@385486ba
2022-03-25 01:17:54.374 DEBUG 34609 --- [         task-1] org.hibernate.type.BasicTypeRegistry     : Adding type registration [C -> org.hibernate.type.CharArrayType@385486ba
2022-03-25 01:17:54.374 DEBUG 34609 --- [         task-1] org.hibernate.type.BasicTypeRegistry     : Adding type registration wrapper-characters -> org.hibernate.type.CharacterArrayType@619176b2
2022-03-25 01:17:54.374 DEBUG 34609 --- [         task-1] org.hibernate.type.BasicTypeRegistry     : Adding type registration [Ljava.lang.Character; -> org.hibernate.type.CharacterArrayType@619176b2
2022-03-25 01:17:54.374 DEBUG 34609 --- [         task-1] org.hibernate.type.BasicTypeRegistry     : Adding type registration Character[] -> org.hibernate.type.CharacterArrayType@619176b2
2022-03-25 01:17:54.374 DEBUG 34609 --- [         task-1] org.hibernate.type.BasicTypeRegistry     : Adding type registration text -> org.hibernate.type.TextType@b6e9a01
2022-03-25 01:17:54.374 DEBUG 34609 --- [         task-1] org.hibernate.type.BasicTypeRegistry     : Adding type registration ntext -> org.hibernate.type.NTextType@5fe9daad
2022-03-25 01:17:54.375 DEBUG 34609 --- [         task-1] org.hibernate.type.BasicTypeRegistry     : Adding type registration blob -> org.hibernate.type.BlobType@5f65e050
2022-03-25 01:17:54.375 DEBUG 34609 --- [         task-1] org.hibernate.type.BasicTypeRegistry     : Adding type registration java.sql.Blob -> org.hibernate.type.BlobType@5f65e050
2022-03-25 01:17:54.375 DEBUG 34609 --- [         task-1] org.hibernate.type.BasicTypeRegistry     : Adding type registration materialized_blob -> org.hibernate.type.MaterializedBlobType@74d21b3d
2022-03-25 01:17:54.375 DEBUG 34609 --- [         task-1] org.hibernate.type.BasicTypeRegistry     : Adding type registration clob -> org.hibernate.type.ClobType@4f5ccefa
2022-03-25 01:17:54.375 DEBUG 34609 --- [         task-1] org.hibernate.type.BasicTypeRegistry     : Adding type registration java.sql.Clob -> org.hibernate.type.ClobType@4f5ccefa
2022-03-25 01:17:54.375 DEBUG 34609 --- [         task-1] org.hibernate.type.BasicTypeRegistry     : Adding type registration nclob -> org.hibernate.type.NClobType@70462709
2022-03-25 01:17:54.375 DEBUG 34609 --- [         task-1] org.hibernate.type.BasicTypeRegistry     : Adding type registration java.sql.NClob -> org.hibernate.type.NClobType@70462709
2022-03-25 01:17:54.375 DEBUG 34609 --- [         task-1] org.hibernate.type.BasicTypeRegistry     : Adding type registration materialized_clob -> org.hibernate.type.MaterializedClobType@1c5fc938
2022-03-25 01:17:54.375 DEBUG 34609 --- [         task-1] org.hibernate.type.BasicTypeRegistry     : Adding type registration materialized_nclob -> org.hibernate.type.MaterializedNClobType@4aff10a
2022-03-25 01:17:54.375 DEBUG 34609 --- [         task-1] org.hibernate.type.BasicTypeRegistry     : Adding type registration serializable -> org.hibernate.type.SerializableType@7851f0b2
2022-03-25 01:17:54.375 DEBUG 34609 --- [         task-1] org.hibernate.type.BasicTypeRegistry     : Adding type registration object -> org.hibernate.type.ObjectType@64228cc0
2022-03-25 01:17:54.375 DEBUG 34609 --- [         task-1] org.hibernate.type.BasicTypeRegistry     : Adding type registration java.lang.Object -> org.hibernate.type.ObjectType@64228cc0
2022-03-25 01:17:54.376 DEBUG 34609 --- [         task-1] org.hibernate.type.BasicTypeRegistry     : Adding type registration imm_date -> org.hibernate.type.AdaptedImmutableType@10572cf
2022-03-25 01:17:54.376 DEBUG 34609 --- [         task-1] org.hibernate.type.BasicTypeRegistry     : Adding type registration imm_time -> org.hibernate.type.AdaptedImmutableType@1af2fc3b
2022-03-25 01:17:54.376 DEBUG 34609 --- [         task-1] org.hibernate.type.BasicTypeRegistry     : Adding type registration imm_timestamp -> org.hibernate.type.AdaptedImmutableType@5050bda2
2022-03-25 01:17:54.376 DEBUG 34609 --- [         task-1] org.hibernate.type.BasicTypeRegistry     : Adding type registration imm_dbtimestamp -> org.hibernate.type.AdaptedImmutableType@2651aaff
2022-03-25 01:17:54.376 DEBUG 34609 --- [         task-1] org.hibernate.type.BasicTypeRegistry     : Adding type registration imm_calendar -> org.hibernate.type.AdaptedImmutableType@c6837f0
2022-03-25 01:17:54.376 DEBUG 34609 --- [         task-1] org.hibernate.type.BasicTypeRegistry     : Adding type registration imm_calendar_date -> org.hibernate.type.AdaptedImmutableType@1f61162
2022-03-25 01:17:54.376 DEBUG 34609 --- [         task-1] org.hibernate.type.BasicTypeRegistry     : Adding type registration imm_binary -> org.hibernate.type.AdaptedImmutableType@541e0153
2022-03-25 01:17:54.376 DEBUG 34609 --- [         task-1] org.hibernate.type.BasicTypeRegistry     : Adding type registration imm_serializable -> org.hibernate.type.AdaptedImmutableType@7fb35f7d
2022-03-25 01:17:54.378  INFO 34609 --- [         task-1] com.zaxxer.hikari.HikariDataSource       : HikariPool-3 - Starting...
2022-03-25 01:17:54.378  WARN 34609 --- [         task-1] com.zaxxer.hikari.util.DriverDataSource  : Registered driver with driverClassName=com.mysql.jdbc.Driver was not found, trying direct instantiation.
2022-03-25 01:17:54.404  WARN 34609 --- [    Test worker] JpaBaseConfiguration$JpaWebConfiguration : spring.jpa.open-in-view is enabled by default. Therefore, database queries may be performed during view rendering. Explicitly configure spring.jpa.open-in-view to disable this warning
2022-03-25 01:17:54.449  INFO 34609 --- [         task-1] com.zaxxer.hikari.HikariDataSource       : HikariPool-3 - Start completed.
2022-03-25 01:17:54.449  INFO 34609 --- [         task-1] org.hibernate.dialect.Dialect            : HHH000400: Using dialect: org.hibernate.dialect.MySQL5InnoDBDialect
2022-03-25 01:17:54.453 DEBUG 34609 --- [         task-1] o.h.type.spi.TypeConfiguration$Scope     : Scoping TypeConfiguration [org.hibernate.type.spi.TypeConfiguration@7069d247] to MetadataBuildingContext [org.hibernate.boot.internal.MetadataBuildingContextRootImpl@5b0f2680]
2022-03-25 01:17:54.457 DEBUG 34609 --- [         task-1] org.hibernate.type.EnumType              : Using ORDINAL-based conversion for Enum com.kmacedo.car.domain.TravelRequestStatus
2022-03-25 01:17:54.459 DEBUG 34609 --- [         task-1] org.hibernate.type.EnumType              : Using ORDINAL-based conversion for Enum com.kmacedo.car.domain.TravelRequestStatus
2022-03-25 01:17:54.460 DEBUG 34609 --- [         task-1] o.h.type.spi.TypeConfiguration$Scope     : Scoping TypeConfiguration [org.hibernate.type.spi.TypeConfiguration@7069d247] to SessionFactoryImpl [org.hibernate.internal.SessionFactoryImpl@2e8d4b93]
2022-03-25 01:17:54.460 DEBUG 34609 --- [         task-1] org.hibernate.type.EnumType              : Using ORDINAL-based conversion for Enum com.kmacedo.car.domain.TravelRequestStatus
2022-03-25 01:17:54.460 DEBUG 34609 --- [         task-1] org.hibernate.type.EnumType              : Using ORDINAL-based conversion for Enum com.kmacedo.car.domain.TravelRequestStatus
2022-03-25 01:17:54.461 DEBUG 34609 --- [         task-1] org.hibernate.type.EnumType              : Using ORDINAL-based conversion for Enum com.kmacedo.car.domain.TravelRequestStatus
2022-03-25 01:17:54.461 DEBUG 34609 --- [         task-1] org.hibernate.type.EnumType              : Using ORDINAL-based conversion for Enum com.kmacedo.car.domain.TravelRequestStatus
2022-03-25 01:17:54.463 DEBUG 34609 --- [         task-1] org.hibernate.type.EnumType              : Using ORDINAL-based conversion for Enum com.kmacedo.car.domain.TravelRequestStatus
2022-03-25 01:17:54.463 DEBUG 34609 --- [         task-1] org.hibernate.type.EnumType              : Using ORDINAL-based conversion for Enum com.kmacedo.car.domain.TravelRequestStatus
2022-03-25 01:17:54.464 DEBUG 34609 --- [         task-1] org.hibernate.type.EnumType              : Using ORDINAL-based conversion for Enum com.kmacedo.car.domain.TravelRequestStatus
2022-03-25 01:17:54.492  INFO 34609 --- [         task-1] o.h.e.t.j.p.i.JtaPlatformInitiator       : HHH000490: Using JtaPlatform implementation: [org.hibernate.engine.transaction.jta.platform.internal.NoJtaPlatform]
2022-03-25 01:17:54.492 TRACE 34609 --- [         task-1] o.h.type.spi.TypeConfiguration$Scope     : Handling #sessionFactoryCreated from [org.hibernate.internal.SessionFactoryImpl@2e8d4b93] for TypeConfiguration
2022-03-25 01:17:54.492  INFO 34609 --- [         task-1] j.LocalContainerEntityManagerFactoryBean : Initialized JPA EntityManagerFactory for persistence unit 'default'
2022-03-25 01:17:54.610  INFO 34609 --- [    Test worker] o.s.b.w.embedded.tomcat.TomcatWebServer  : Tomcat started on port(s): 50306 (http) with context path ''
2022-03-25 01:17:54.610  INFO 34609 --- [    Test worker] DeferredRepositoryInitializationListener : Triggering deferred initialization of Spring Data repositories…
2022-03-25 01:17:54.658  INFO 34609 --- [    Test worker] DeferredRepositoryInitializationListener : Spring Data repositories initialized!
2022-03-25 01:17:54.660  INFO 34609 --- [    Test worker] c.k.c.i.incoming.PassengerAPITestIT      : Started PassengerAPITestIT in 0.595 seconds (JVM running for 7.518)
2022-03-25 01:17:54.674  INFO 34609 --- [o-auto-2-exec-1] o.a.c.c.C.[Tomcat-1].[localhost].[/]     : Initializing Spring DispatcherServlet 'dispatcherServlet'
2022-03-25 01:17:54.674  INFO 34609 --- [o-auto-2-exec-1] o.s.web.servlet.DispatcherServlet        : Initializing Servlet 'dispatcherServlet'
2022-03-25 01:17:54.675  INFO 34609 --- [o-auto-2-exec-1] o.s.web.servlet.DispatcherServlet        : Completed initialization in 1 ms
2022-03-25 01:17:54.680 DEBUG 34609 --- [o-auto-2-exec-1] org.hibernate.SQL                        : insert into passenger (name) values (?)
2022-03-25 01:17:54.681 TRACE 34609 --- [o-auto-2-exec-1] o.h.type.descriptor.sql.BasicBinder      : binding parameter [1] as [VARCHAR] - [Alexandre Saudate]
]]></system-out>
  <system-err><![CDATA[]]></system-err>
</testsuite>
